2024-05-14 09:16:16.948 INFO  com.nero.train.member.config.MemberApplication    :51   [32m                  [0;39m Starting MemberApplication using Java 17.0.11 with PID 48272 (/Users/nero/Documents/source_code/train/member/target/classes started by nero in /Users/nero/Documents/source_code/train)
2024-05-14 09:16:16.949 INFO  com.nero.train.member.config.MemberApplication    :630  [32m                  [0;39m No active profile set, falling back to 1 default profile: "default"
2024-05-14 09:16:16.999 INFO  o.springframework.cloud.context.scope.GenericScope:282  [32m                  [0;39m BeanFactory id=1b3e41c6-00ab-3242-b7d0-766a36e0a064
2024-05-14 09:16:17.018 INFO  o.s.boot.web.embedded.tomcat.TomcatWebServer      :114  [32m                  [0;39m Tomcat initialized with port(s): 8001 (http)
2024-05-14 09:16:17.019 INFO  org.apache.catalina.core.StandardService          :173  [32m                  [0;39m Starting service [Tomcat]
2024-05-14 09:16:17.019 INFO  org.apache.catalina.core.StandardEngine           :173  [32m                  [0;39m Starting Servlet engine: [Apache Tomcat/10.1.1]
2024-05-14 09:16:17.025 INFO  o.a.c.c.C.[Tomcat].[localhost].[/member]          :173  [32m                  [0;39m Initializing Spring embedded WebApplicationContext
2024-05-14 09:16:17.025 INFO  o.s.b.w.s.c.ServletWebServerApplicationContext    :291  [32m                  [0;39m Root WebApplicationContext: initialization completed in 75 ms
2024-05-14 09:16:17.050 INFO  o.s.b.d.autoconfigure.OptionalLiveReloadServer    :59   [32m                  [0;39m LiveReload server is running on port 35729
2024-05-14 09:16:17.058 INFO  o.s.boot.web.embedded.tomcat.TomcatWebServer      :226  [32m                  [0;39m Tomcat started on port(s): 8001 (http) with context path '/member'
2024-05-14 09:16:17.060 INFO  com.nero.train.member.config.MemberApplication    :57   [32m                  [0;39m Started MemberApplication in 0.167 seconds (process running for 216.516)
2024-05-14 09:16:17.061 INFO  o.s.b.d.a.ConditionEvaluationDeltaLoggingListener :63   [32m                  [0;39m Condition evaluation unchanged
2024-05-14 09:16:17.061 INFO  com.nero.train.member.config.MemberApplication    :19   [32m                  [0;39m 启动成功！！
2024-05-14 09:16:17.062 INFO  com.nero.train.member.config.MemberApplication    :20   [32m                  [0;39m 测试地址: 	http://127.0.0.1:8001/member/hello
2024-05-14 10:43:54.340 INFO  com.nero.train.member.config.MemberApplication    :51   [32m                  [0;39m Starting MemberApplication using Java 17.0.11 with PID 72895 (/Users/nero/Documents/source_code/train/member/target/classes started by nero in /Users/nero/Documents/source_code/train)
2024-05-14 10:43:54.341 INFO  com.nero.train.member.config.MemberApplication    :630  [32m                  [0;39m No active profile set, falling back to 1 default profile: "default"
2024-05-14 10:43:54.359 INFO  o.s.b.d.env.DevToolsPropertyDefaultsPostProcessor :250  [32m                  [0;39m Devtools property defaults active! Set 'spring.devtools.add-properties' to 'false' to disable
2024-05-14 10:43:54.359 INFO  o.s.b.d.env.DevToolsPropertyDefaultsPostProcessor :250  [32m                  [0;39m For additional web related logging consider setting the 'logging.level.web' property to 'DEBUG'
2024-05-14 10:43:54.561 INFO  o.springframework.cloud.context.scope.GenericScope:282  [32m                  [0;39m BeanFactory id=573945aa-676a-3426-9914-84b13539a6b9
2024-05-14 10:43:54.821 INFO  o.s.boot.web.embedded.tomcat.TomcatWebServer      :114  [32m                  [0;39m Tomcat initialized with port(s): 8001 (http)
2024-05-14 10:43:54.825 INFO  org.apache.coyote.http11.Http11NioProtocol        :173  [32m                  [0;39m Initializing ProtocolHandler ["http-nio-8001"]
2024-05-14 10:43:54.825 INFO  org.apache.catalina.core.StandardService          :173  [32m                  [0;39m Starting service [Tomcat]
2024-05-14 10:43:54.825 INFO  org.apache.catalina.core.StandardEngine           :173  [32m                  [0;39m Starting Servlet engine: [Apache Tomcat/10.1.1]
2024-05-14 10:43:54.846 INFO  o.a.c.c.C.[Tomcat].[localhost].[/member]          :173  [32m                  [0;39m Initializing Spring embedded WebApplicationContext
2024-05-14 10:43:54.847 INFO  o.s.b.w.s.c.ServletWebServerApplicationContext    :291  [32m                  [0;39m Root WebApplicationContext: initialization completed in 487 ms
2024-05-14 10:43:55.020 INFO  o.s.b.d.autoconfigure.OptionalLiveReloadServer    :59   [32m                  [0;39m LiveReload server is running on port 35729
2024-05-14 10:43:55.038 INFO  org.apache.coyote.http11.Http11NioProtocol        :173  [32m                  [0;39m Starting ProtocolHandler ["http-nio-8001"]
2024-05-14 10:43:55.044 INFO  o.s.boot.web.embedded.tomcat.TomcatWebServer      :226  [32m                  [0;39m Tomcat started on port(s): 8001 (http) with context path '/member'
2024-05-14 10:43:55.050 INFO  com.nero.train.member.config.MemberApplication    :57   [32m                  [0;39m Started MemberApplication in 0.888 seconds (process running for 1.102)
2024-05-14 10:43:55.051 INFO  com.nero.train.member.config.MemberApplication    :19   [32m                  [0;39m 启动成功！！
2024-05-14 10:43:55.052 INFO  com.nero.train.member.config.MemberApplication    :20   [32m                  [0;39m 测试地址: 	http://127.0.0.1:8001/member/hello
2024-05-14 10:43:59.656 INFO  o.a.c.c.C.[Tomcat].[localhost].[/member]          :173  [32m                  [0;39m Initializing Spring DispatcherServlet 'dispatcherServlet'
2024-05-14 10:43:59.657 INFO  org.springframework.web.servlet.DispatcherServlet :525  [32m                  [0;39m Initializing Servlet 'dispatcherServlet'
2024-05-14 10:43:59.657 INFO  org.springframework.web.servlet.DispatcherServlet :547  [32m                  [0;39m Completed initialization in 0 ms
2024-05-14 10:44:50.316 INFO  o.s.b.d.a.LocalDevToolsAutoConfiguration$RestartingClassPathChangeChangedEventListener:211  [32m                  [0;39m Restarting due to 1 class path change (0 additions, 0 deletions, 1 modification)
2024-05-14 10:44:50.324 INFO  org.apache.coyote.http11.Http11NioProtocol        :173  [32m                  [0;39m Pausing ProtocolHandler ["http-nio-8001"]
2024-05-14 10:44:50.325 INFO  org.apache.catalina.core.StandardService          :173  [32m                  [0;39m Stopping service [Tomcat]
2024-05-14 10:44:50.326 INFO  o.a.c.c.C.[Tomcat].[localhost].[/member]          :173  [32m                  [0;39m Destroying Spring FrameworkServlet 'dispatcherServlet'
2024-05-14 10:44:50.330 INFO  org.apache.coyote.http11.Http11NioProtocol        :173  [32m                  [0;39m Stopping ProtocolHandler ["http-nio-8001"]
2024-05-14 10:44:50.339 INFO  org.apache.coyote.http11.Http11NioProtocol        :173  [32m                  [0;39m Destroying ProtocolHandler ["http-nio-8001"]
2024-05-14 10:44:50.422 INFO  com.nero.train.member.config.MemberApplication    :51   [32m                  [0;39m Starting MemberApplication using Java 17.0.11 with PID 72895 (/Users/nero/Documents/source_code/train/member/target/classes started by nero in /Users/nero/Documents/source_code/train)
2024-05-14 10:44:50.423 INFO  com.nero.train.member.config.MemberApplication    :630  [32m                  [0;39m No active profile set, falling back to 1 default profile: "default"
2024-05-14 10:44:50.481 INFO  o.springframework.cloud.context.scope.GenericScope:282  [32m                  [0;39m BeanFactory id=573945aa-676a-3426-9914-84b13539a6b9
2024-05-14 10:44:50.520 INFO  o.s.boot.web.embedded.tomcat.TomcatWebServer      :114  [32m                  [0;39m Tomcat initialized with port(s): 8001 (http)
2024-05-14 10:44:50.520 INFO  org.apache.coyote.http11.Http11NioProtocol        :173  [32m                  [0;39m Initializing ProtocolHandler ["http-nio-8001"]
2024-05-14 10:44:50.521 INFO  org.apache.catalina.core.StandardService          :173  [32m                  [0;39m Starting service [Tomcat]
2024-05-14 10:44:50.521 INFO  org.apache.catalina.core.StandardEngine           :173  [32m                  [0;39m Starting Servlet engine: [Apache Tomcat/10.1.1]
2024-05-14 10:44:50.528 INFO  o.a.c.c.C.[Tomcat].[localhost].[/member]          :173  [32m                  [0;39m Initializing Spring embedded WebApplicationContext
2024-05-14 10:44:50.528 INFO  o.s.b.w.s.c.ServletWebServerApplicationContext    :291  [32m                  [0;39m Root WebApplicationContext: initialization completed in 104 ms
2024-05-14 10:44:50.619 INFO  o.s.b.d.autoconfigure.OptionalLiveReloadServer    :59   [32m                  [0;39m LiveReload server is running on port 35729
2024-05-14 10:44:50.632 INFO  org.apache.coyote.http11.Http11NioProtocol        :173  [32m                  [0;39m Starting ProtocolHandler ["http-nio-8001"]
2024-05-14 10:44:50.633 INFO  o.s.boot.web.embedded.tomcat.TomcatWebServer      :226  [32m                  [0;39m Tomcat started on port(s): 8001 (http) with context path '/member'
2024-05-14 10:44:50.637 INFO  com.nero.train.member.config.MemberApplication    :57   [32m                  [0;39m Started MemberApplication in 0.271 seconds (process running for 56.688)
2024-05-14 10:44:50.638 INFO  o.s.b.d.a.ConditionEvaluationDeltaLoggingListener :63   [32m                  [0;39m Condition evaluation unchanged
2024-05-14 10:44:50.638 INFO  com.nero.train.member.config.MemberApplication    :19   [32m                  [0;39m 启动成功！！
2024-05-14 10:44:50.638 INFO  com.nero.train.member.config.MemberApplication    :20   [32m                  [0;39m 测试地址: 	http://127.0.0.1:8001/member/hello
2024-05-14 10:44:54.748 INFO  o.a.c.c.C.[Tomcat].[localhost].[/member]          :173  [32m                  [0;39m Initializing Spring DispatcherServlet 'dispatcherServlet'
2024-05-14 10:44:54.749 INFO  org.springframework.web.servlet.DispatcherServlet :525  [32m                  [0;39m Initializing Servlet 'dispatcherServlet'
2024-05-14 10:44:54.751 INFO  org.springframework.web.servlet.DispatcherServlet :547  [32m                  [0;39m Completed initialization in 1 ms
2024-05-14 10:45:14.224 INFO  o.s.b.d.a.LocalDevToolsAutoConfiguration$RestartingClassPathChangeChangedEventListener:211  [32m                  [0;39m Restarting due to 1 class path change (0 additions, 0 deletions, 1 modification)
2024-05-14 10:45:14.227 INFO  org.apache.coyote.http11.Http11NioProtocol        :173  [32m                  [0;39m Pausing ProtocolHandler ["http-nio-8001"]
2024-05-14 10:45:14.227 INFO  org.apache.catalina.core.StandardService          :173  [32m                  [0;39m Stopping service [Tomcat]
2024-05-14 10:45:14.227 INFO  o.a.c.c.C.[Tomcat].[localhost].[/member]          :173  [32m                  [0;39m Destroying Spring FrameworkServlet 'dispatcherServlet'
2024-05-14 10:45:14.229 INFO  org.apache.coyote.http11.Http11NioProtocol        :173  [32m                  [0;39m Stopping ProtocolHandler ["http-nio-8001"]
2024-05-14 10:45:14.230 INFO  org.apache.coyote.http11.Http11NioProtocol        :173  [32m                  [0;39m Destroying ProtocolHandler ["http-nio-8001"]
2024-05-14 10:45:14.268 INFO  com.nero.train.member.config.MemberApplication    :51   [32m                  [0;39m Starting MemberApplication using Java 17.0.11 with PID 72895 (/Users/nero/Documents/source_code/train/member/target/classes started by nero in /Users/nero/Documents/source_code/train)
2024-05-14 10:45:14.268 INFO  com.nero.train.member.config.MemberApplication    :630  [32m                  [0;39m No active profile set, falling back to 1 default profile: "default"
2024-05-14 10:45:14.319 INFO  o.springframework.cloud.context.scope.GenericScope:282  [32m                  [0;39m BeanFactory id=573945aa-676a-3426-9914-84b13539a6b9
2024-05-14 10:45:14.351 INFO  o.s.boot.web.embedded.tomcat.TomcatWebServer      :114  [32m                  [0;39m Tomcat initialized with port(s): 8001 (http)
2024-05-14 10:45:14.352 INFO  org.apache.coyote.http11.Http11NioProtocol        :173  [32m                  [0;39m Initializing ProtocolHandler ["http-nio-8001"]
2024-05-14 10:45:14.352 INFO  org.apache.catalina.core.StandardService          :173  [32m                  [0;39m Starting service [Tomcat]
2024-05-14 10:45:14.352 INFO  org.apache.catalina.core.StandardEngine           :173  [32m                  [0;39m Starting Servlet engine: [Apache Tomcat/10.1.1]
2024-05-14 10:45:14.358 INFO  o.a.c.c.C.[Tomcat].[localhost].[/member]          :173  [32m                  [0;39m Initializing Spring embedded WebApplicationContext
2024-05-14 10:45:14.358 INFO  o.s.b.w.s.c.ServletWebServerApplicationContext    :291  [32m                  [0;39m Root WebApplicationContext: initialization completed in 89 ms
2024-05-14 10:45:14.447 INFO  o.s.b.d.autoconfigure.OptionalLiveReloadServer    :59   [32m                  [0;39m LiveReload server is running on port 35729
2024-05-14 10:45:14.459 INFO  org.apache.coyote.http11.Http11NioProtocol        :173  [32m                  [0;39m Starting ProtocolHandler ["http-nio-8001"]
2024-05-14 10:45:14.461 INFO  o.s.boot.web.embedded.tomcat.TomcatWebServer      :226  [32m                  [0;39m Tomcat started on port(s): 8001 (http) with context path '/member'
2024-05-14 10:45:14.463 INFO  com.nero.train.member.config.MemberApplication    :57   [32m                  [0;39m Started MemberApplication in 0.21 seconds (process running for 80.514)
2024-05-14 10:45:14.464 INFO  o.s.b.d.a.ConditionEvaluationDeltaLoggingListener :63   [32m                  [0;39m Condition evaluation unchanged
2024-05-14 10:45:14.464 INFO  com.nero.train.member.config.MemberApplication    :19   [32m                  [0;39m 启动成功！！
2024-05-14 10:45:14.464 INFO  com.nero.train.member.config.MemberApplication    :20   [32m                  [0;39m 测试地址: 	http://127.0.0.1:8001/member/hello
2024-05-14 10:45:15.864 INFO  o.s.b.d.a.LocalDevToolsAutoConfiguration$RestartingClassPathChangeChangedEventListener:211  [32m                  [0;39m Restarting due to 1 class path change (0 additions, 0 deletions, 1 modification)
2024-05-14 10:45:15.868 INFO  org.apache.coyote.http11.Http11NioProtocol        :173  [32m                  [0;39m Pausing ProtocolHandler ["http-nio-8001"]
2024-05-14 10:45:15.869 INFO  org.apache.catalina.core.StandardService          :173  [32m                  [0;39m Stopping service [Tomcat]
2024-05-14 10:45:15.870 INFO  org.apache.coyote.http11.Http11NioProtocol        :173  [32m                  [0;39m Stopping ProtocolHandler ["http-nio-8001"]
2024-05-14 10:45:15.873 INFO  org.apache.coyote.http11.Http11NioProtocol        :173  [32m                  [0;39m Destroying ProtocolHandler ["http-nio-8001"]
2024-05-14 10:45:15.908 INFO  com.nero.train.member.config.MemberApplication    :51   [32m                  [0;39m Starting MemberApplication using Java 17.0.11 with PID 72895 (/Users/nero/Documents/source_code/train/member/target/classes started by nero in /Users/nero/Documents/source_code/train)
2024-05-14 10:45:15.908 INFO  com.nero.train.member.config.MemberApplication    :630  [32m                  [0;39m No active profile set, falling back to 1 default profile: "default"
2024-05-14 10:45:15.942 INFO  o.springframework.cloud.context.scope.GenericScope:282  [32m                  [0;39m BeanFactory id=573945aa-676a-3426-9914-84b13539a6b9
2024-05-14 10:45:15.965 INFO  o.s.boot.web.embedded.tomcat.TomcatWebServer      :114  [32m                  [0;39m Tomcat initialized with port(s): 8001 (http)
2024-05-14 10:45:15.966 INFO  org.apache.coyote.http11.Http11NioProtocol        :173  [32m                  [0;39m Initializing ProtocolHandler ["http-nio-8001"]
2024-05-14 10:45:15.966 INFO  org.apache.catalina.core.StandardService          :173  [32m                  [0;39m Starting service [Tomcat]
2024-05-14 10:45:15.966 INFO  org.apache.catalina.core.StandardEngine           :173  [32m                  [0;39m Starting Servlet engine: [Apache Tomcat/10.1.1]
2024-05-14 10:45:15.971 INFO  o.a.c.c.C.[Tomcat].[localhost].[/member]          :173  [32m                  [0;39m Initializing Spring embedded WebApplicationContext
2024-05-14 10:45:15.972 INFO  o.s.b.w.s.c.ServletWebServerApplicationContext    :291  [32m                  [0;39m Root WebApplicationContext: initialization completed in 64 ms
2024-05-14 10:45:16.031 INFO  o.s.b.d.autoconfigure.OptionalLiveReloadServer    :59   [32m                  [0;39m LiveReload server is running on port 35729
2024-05-14 10:45:16.040 INFO  org.apache.coyote.http11.Http11NioProtocol        :173  [32m                  [0;39m Starting ProtocolHandler ["http-nio-8001"]
2024-05-14 10:45:16.040 INFO  o.s.boot.web.embedded.tomcat.TomcatWebServer      :226  [32m                  [0;39m Tomcat started on port(s): 8001 (http) with context path '/member'
2024-05-14 10:45:16.043 INFO  com.nero.train.member.config.MemberApplication    :57   [32m                  [0;39m Started MemberApplication in 0.15 seconds (process running for 82.094)
2024-05-14 10:45:16.043 INFO  o.s.b.d.a.ConditionEvaluationDeltaLoggingListener :63   [32m                  [0;39m Condition evaluation unchanged
2024-05-14 10:45:16.043 INFO  com.nero.train.member.config.MemberApplication    :19   [32m                  [0;39m 启动成功！！
2024-05-14 10:45:16.043 INFO  com.nero.train.member.config.MemberApplication    :20   [32m                  [0;39m 测试地址: 	http://127.0.0.1:8001/member/hello
2024-05-14 10:45:22.869 INFO  o.a.c.c.C.[Tomcat].[localhost].[/member]          :173  [32m                  [0;39m Initializing Spring DispatcherServlet 'dispatcherServlet'
2024-05-14 10:45:22.870 INFO  org.springframework.web.servlet.DispatcherServlet :525  [32m                  [0;39m Initializing Servlet 'dispatcherServlet'
2024-05-14 10:45:22.871 INFO  org.springframework.web.servlet.DispatcherServlet :547  [32m                  [0;39m Completed initialization in 1 ms
2024-05-14 10:45:22.876 INFO  com.nero.train.member.aspect.LogAspect            :52   [32m1715654722875     [0;39m ------------- 开始 -------------
2024-05-14 10:45:22.877 INFO  com.nero.train.member.aspect.LogAspect            :53   [32m1715654722875     [0;39m 请求地址: http://127.0.0.1:8001/member/hello GET
2024-05-14 10:45:22.877 INFO  com.nero.train.member.aspect.LogAspect            :54   [32m1715654722875     [0;39m 类名方法: com.nero.train.member.controller.TestController.hello
2024-05-14 10:45:22.877 INFO  com.nero.train.member.aspect.LogAspect            :55   [32m1715654722875     [0;39m 远程地址: 127.0.0.1
2024-05-14 10:45:22.899 INFO  com.nero.train.member.aspect.LogAspect            :76   [32m1715654722875     [0;39m 请求参数: []
2024-05-14 10:45:22.899 INFO  com.nero.train.member.aspect.LogAspect            :88   [32m1715654722875     [0;39m 返回结果: "hello world!"
2024-05-14 10:45:22.899 INFO  com.nero.train.member.aspect.LogAspect            :89   [32m1715654722875     [0;39m ------------- 结束 耗时：24 ms -------------
2024-05-14 10:52:45.210 INFO  o.s.b.d.a.LocalDevToolsAutoConfiguration$RestartingClassPathChangeChangedEventListener:211  [32m                  [0;39m Restarting due to 5 class path changes (0 additions, 0 deletions, 5 modifications)
2024-05-14 10:52:45.219 INFO  org.apache.coyote.http11.Http11NioProtocol        :173  [32m                  [0;39m Pausing ProtocolHandler ["http-nio-8001"]
2024-05-14 10:52:45.220 INFO  org.apache.catalina.core.StandardService          :173  [32m                  [0;39m Stopping service [Tomcat]
2024-05-14 10:52:45.220 INFO  o.a.c.c.C.[Tomcat].[localhost].[/member]          :173  [32m                  [0;39m Destroying Spring FrameworkServlet 'dispatcherServlet'
2024-05-14 10:52:45.222 INFO  org.apache.coyote.http11.Http11NioProtocol        :173  [32m                  [0;39m Stopping ProtocolHandler ["http-nio-8001"]
2024-05-14 10:52:45.225 INFO  org.apache.coyote.http11.Http11NioProtocol        :173  [32m                  [0;39m Destroying ProtocolHandler ["http-nio-8001"]
2024-05-14 10:53:28.075 INFO  com.nero.train.member.config.MemberApplication    :51   [32m                  [0;39m Starting MemberApplication using Java 17.0.11 with PID 72895 (/Users/nero/Documents/source_code/train/member/target/classes started by nero in /Users/nero/Documents/source_code/train)
2024-05-14 10:53:28.076 INFO  com.nero.train.member.config.MemberApplication    :630  [32m                  [0;39m No active profile set, falling back to 1 default profile: "default"
2024-05-14 10:53:28.120 INFO  o.springframework.cloud.context.scope.GenericScope:282  [32m                  [0;39m BeanFactory id=573945aa-676a-3426-9914-84b13539a6b9
2024-05-14 10:53:28.142 INFO  o.s.boot.web.embedded.tomcat.TomcatWebServer      :114  [32m                  [0;39m Tomcat initialized with port(s): 8001 (http)
2024-05-14 10:53:28.142 INFO  org.apache.coyote.http11.Http11NioProtocol        :173  [32m                  [0;39m Initializing ProtocolHandler ["http-nio-8001"]
2024-05-14 10:53:28.142 INFO  org.apache.catalina.core.StandardService          :173  [32m                  [0;39m Starting service [Tomcat]
2024-05-14 10:53:28.143 INFO  org.apache.catalina.core.StandardEngine           :173  [32m                  [0;39m Starting Servlet engine: [Apache Tomcat/10.1.1]
2024-05-14 10:53:28.149 INFO  o.a.c.c.C.[Tomcat].[localhost].[/member]          :173  [32m                  [0;39m Initializing Spring embedded WebApplicationContext
2024-05-14 10:53:28.149 INFO  o.s.b.w.s.c.ServletWebServerApplicationContext    :291  [32m                  [0;39m Root WebApplicationContext: initialization completed in 72 ms
2024-05-14 10:53:28.196 INFO  o.s.b.d.autoconfigure.OptionalLiveReloadServer    :59   [32m                  [0;39m LiveReload server is running on port 35729
2024-05-14 10:53:28.203 INFO  org.apache.coyote.http11.Http11NioProtocol        :173  [32m                  [0;39m Starting ProtocolHandler ["http-nio-8001"]
2024-05-14 10:53:28.204 INFO  o.s.boot.web.embedded.tomcat.TomcatWebServer      :226  [32m                  [0;39m Tomcat started on port(s): 8001 (http) with context path '/member'
2024-05-14 10:53:28.207 INFO  com.nero.train.member.config.MemberApplication    :57   [32m                  [0;39m Started MemberApplication in 0.162 seconds (process running for 574.26)
2024-05-14 10:53:28.207 INFO  o.s.b.d.a.ConditionEvaluationDeltaLoggingListener :63   [32m                  [0;39m Condition evaluation unchanged
2024-05-14 10:53:28.207 INFO  com.nero.train.member.config.MemberApplication    :19   [32m                  [0;39m 启动成功！！
2024-05-14 10:53:28.207 INFO  com.nero.train.member.config.MemberApplication    :20   [32m                  [0;39m 测试地址: 	http://127.0.0.1:8001/member/hello
2024-05-14 10:54:37.164 INFO  o.s.b.d.a.LocalDevToolsAutoConfiguration$RestartingClassPathChangeChangedEventListener:211  [32m                  [0;39m Restarting due to 5 class path changes (0 additions, 0 deletions, 5 modifications)
2024-05-14 10:54:37.172 INFO  org.apache.coyote.http11.Http11NioProtocol        :173  [32m                  [0;39m Pausing ProtocolHandler ["http-nio-8001"]
2024-05-14 10:54:37.173 INFO  org.apache.catalina.core.StandardService          :173  [32m                  [0;39m Stopping service [Tomcat]
2024-05-14 10:54:37.176 INFO  org.apache.coyote.http11.Http11NioProtocol        :173  [32m                  [0;39m Stopping ProtocolHandler ["http-nio-8001"]
2024-05-14 10:54:37.178 INFO  org.apache.coyote.http11.Http11NioProtocol        :173  [32m                  [0;39m Destroying ProtocolHandler ["http-nio-8001"]
2024-05-14 10:54:37.220 INFO  com.nero.train.member.config.MemberApplication    :51   [32m                  [0;39m Starting MemberApplication using Java 17.0.11 with PID 72895 (/Users/nero/Documents/source_code/train/member/target/classes started by nero in /Users/nero/Documents/source_code/train)
2024-05-14 10:54:37.221 INFO  com.nero.train.member.config.MemberApplication    :630  [32m                  [0;39m No active profile set, falling back to 1 default profile: "default"
2024-05-14 10:54:37.263 INFO  o.springframework.cloud.context.scope.GenericScope:282  [32m                  [0;39m BeanFactory id=573945aa-676a-3426-9914-84b13539a6b9
2024-05-14 10:54:37.285 INFO  o.s.boot.web.embedded.tomcat.TomcatWebServer      :114  [32m                  [0;39m Tomcat initialized with port(s): 8001 (http)
2024-05-14 10:54:37.285 INFO  org.apache.coyote.http11.Http11NioProtocol        :173  [32m                  [0;39m Initializing ProtocolHandler ["http-nio-8001"]
2024-05-14 10:54:37.286 INFO  org.apache.catalina.core.StandardService          :173  [32m                  [0;39m Starting service [Tomcat]
2024-05-14 10:54:37.286 INFO  org.apache.catalina.core.StandardEngine           :173  [32m                  [0;39m Starting Servlet engine: [Apache Tomcat/10.1.1]
2024-05-14 10:54:37.291 INFO  o.a.c.c.C.[Tomcat].[localhost].[/member]          :173  [32m                  [0;39m Initializing Spring embedded WebApplicationContext
2024-05-14 10:54:37.291 INFO  o.s.b.w.s.c.ServletWebServerApplicationContext    :291  [32m                  [0;39m Root WebApplicationContext: initialization completed in 69 ms
2024-05-14 10:54:37.336 INFO  o.s.b.d.autoconfigure.OptionalLiveReloadServer    :59   [32m                  [0;39m LiveReload server is running on port 35729
2024-05-14 10:54:37.343 INFO  org.apache.coyote.http11.Http11NioProtocol        :173  [32m                  [0;39m Starting ProtocolHandler ["http-nio-8001"]
2024-05-14 10:54:37.344 INFO  o.s.boot.web.embedded.tomcat.TomcatWebServer      :226  [32m                  [0;39m Tomcat started on port(s): 8001 (http) with context path '/member'
2024-05-14 10:54:37.346 INFO  com.nero.train.member.config.MemberApplication    :57   [32m                  [0;39m Started MemberApplication in 0.142 seconds (process running for 643.4)
2024-05-14 10:54:37.346 INFO  o.s.b.d.a.ConditionEvaluationDeltaLoggingListener :63   [32m                  [0;39m Condition evaluation unchanged
2024-05-14 10:54:37.347 INFO  com.nero.train.member.config.MemberApplication    :19   [32m                  [0;39m 启动成功！！
2024-05-14 10:54:37.347 INFO  com.nero.train.member.config.MemberApplication    :20   [32m                  [0;39m 测试地址: 	http://127.0.0.1:8001/member/hello
2024-05-14 10:57:48.353 INFO  o.s.b.d.a.LocalDevToolsAutoConfiguration$RestartingClassPathChangeChangedEventListener:211  [32m                  [0;39m Restarting due to 1 class path change (0 additions, 1 deletion, 0 modifications)
2024-05-14 10:57:48.368 INFO  org.apache.coyote.http11.Http11NioProtocol        :173  [32m                  [0;39m Pausing ProtocolHandler ["http-nio-8001"]
2024-05-14 10:57:48.368 INFO  org.apache.catalina.core.StandardService          :173  [32m                  [0;39m Stopping service [Tomcat]
2024-05-14 10:57:48.370 INFO  org.apache.coyote.http11.Http11NioProtocol        :173  [32m                  [0;39m Stopping ProtocolHandler ["http-nio-8001"]
2024-05-14 10:57:48.371 INFO  org.apache.coyote.http11.Http11NioProtocol        :173  [32m                  [0;39m Destroying ProtocolHandler ["http-nio-8001"]
2024-05-14 10:57:48.406 INFO  com.nero.train.member.config.MemberApplication    :51   [32m                  [0;39m Starting MemberApplication using Java 17.0.11 with PID 72895 (/Users/nero/Documents/source_code/train/member/target/classes started by nero in /Users/nero/Documents/source_code/train)
2024-05-14 10:57:48.407 INFO  com.nero.train.member.config.MemberApplication    :630  [32m                  [0;39m No active profile set, falling back to 1 default profile: "default"
2024-05-14 10:57:48.440 INFO  o.springframework.cloud.context.scope.GenericScope:282  [32m                  [0;39m BeanFactory id=812eb78d-2ec1-308d-8b82-833656f2bfe1
2024-05-14 10:57:48.451 INFO  o.s.boot.web.embedded.tomcat.TomcatWebServer      :114  [32m                  [0;39m Tomcat initialized with port(s): 8001 (http)
2024-05-14 10:57:48.452 INFO  org.apache.coyote.http11.Http11NioProtocol        :173  [32m                  [0;39m Initializing ProtocolHandler ["http-nio-8001"]
2024-05-14 10:57:48.452 INFO  org.apache.catalina.core.StandardService          :173  [32m                  [0;39m Starting service [Tomcat]
2024-05-14 10:57:48.452 INFO  org.apache.catalina.core.StandardEngine           :173  [32m                  [0;39m Starting Servlet engine: [Apache Tomcat/10.1.1]
2024-05-14 10:57:48.457 INFO  o.a.c.c.C.[Tomcat].[localhost].[/member]          :173  [32m                  [0;39m Initializing Spring embedded WebApplicationContext
2024-05-14 10:57:48.457 INFO  o.s.b.w.s.c.ServletWebServerApplicationContext    :291  [32m                  [0;39m Root WebApplicationContext: initialization completed in 50 ms
2024-05-14 10:57:48.470 INFO  o.s.b.d.autoconfigure.OptionalLiveReloadServer    :59   [32m                  [0;39m LiveReload server is running on port 35729
2024-05-14 10:57:48.474 INFO  org.apache.coyote.http11.Http11NioProtocol        :173  [32m                  [0;39m Starting ProtocolHandler ["http-nio-8001"]
2024-05-14 10:57:48.475 INFO  o.s.boot.web.embedded.tomcat.TomcatWebServer      :226  [32m                  [0;39m Tomcat started on port(s): 8001 (http) with context path '/member'
2024-05-14 10:57:48.477 INFO  com.nero.train.member.config.MemberApplication    :57   [32m                  [0;39m Started MemberApplication in 0.083 seconds (process running for 834.529)
2024-05-14 10:57:48.477 INFO  o.s.b.d.a.ConditionEvaluationDeltaLoggingListener :63   [32m                  [0;39m Condition evaluation unchanged
2024-05-14 10:57:48.477 INFO  com.nero.train.member.config.MemberApplication    :19   [32m                  [0;39m 启动成功！！
2024-05-14 10:57:48.477 INFO  com.nero.train.member.config.MemberApplication    :20   [32m                  [0;39m 测试地址: 	http://127.0.0.1:8001/member/hello
2024-05-14 11:03:42.254 INFO  com.nero.train.member.config.MemberApplication    :51   [32m                  [0;39m Starting MemberApplication using Java 17.0.11 with PID 78915 (/Users/nero/Documents/source_code/train/member/target/classes started by nero in /Users/nero/Documents/source_code/train)
2024-05-14 11:03:42.256 INFO  com.nero.train.member.config.MemberApplication    :630  [32m                  [0;39m No active profile set, falling back to 1 default profile: "default"
2024-05-14 11:03:42.282 INFO  o.s.b.d.env.DevToolsPropertyDefaultsPostProcessor :250  [32m                  [0;39m Devtools property defaults active! Set 'spring.devtools.add-properties' to 'false' to disable
2024-05-14 11:03:42.283 INFO  o.s.b.d.env.DevToolsPropertyDefaultsPostProcessor :250  [32m                  [0;39m For additional web related logging consider setting the 'logging.level.web' property to 'DEBUG'
2024-05-14 11:03:42.540 INFO  o.springframework.cloud.context.scope.GenericScope:282  [32m                  [0;39m BeanFactory id=573945aa-676a-3426-9914-84b13539a6b9
2024-05-14 11:03:42.822 INFO  o.s.boot.web.embedded.tomcat.TomcatWebServer      :114  [32m                  [0;39m Tomcat initialized with port(s): 8001 (http)
2024-05-14 11:03:42.827 INFO  org.apache.coyote.http11.Http11NioProtocol        :173  [32m                  [0;39m Initializing ProtocolHandler ["http-nio-8001"]
2024-05-14 11:03:42.827 INFO  org.apache.catalina.core.StandardService          :173  [32m                  [0;39m Starting service [Tomcat]
2024-05-14 11:03:42.827 INFO  org.apache.catalina.core.StandardEngine           :173  [32m                  [0;39m Starting Servlet engine: [Apache Tomcat/10.1.1]
2024-05-14 11:03:42.858 INFO  o.a.c.c.C.[Tomcat].[localhost].[/member]          :173  [32m                  [0;39m Initializing Spring embedded WebApplicationContext
2024-05-14 11:03:42.860 INFO  o.s.b.w.s.c.ServletWebServerApplicationContext    :291  [32m                  [0;39m Root WebApplicationContext: initialization completed in 575 ms
2024-05-14 11:03:43.063 INFO  o.s.b.d.autoconfigure.OptionalLiveReloadServer    :59   [32m                  [0;39m LiveReload server is running on port 35729
2024-05-14 11:03:43.083 INFO  org.apache.coyote.http11.Http11NioProtocol        :173  [32m                  [0;39m Starting ProtocolHandler ["http-nio-8001"]
2024-05-14 11:03:43.091 INFO  o.s.boot.web.embedded.tomcat.TomcatWebServer      :226  [32m                  [0;39m Tomcat started on port(s): 8001 (http) with context path '/member'
2024-05-14 11:03:43.098 INFO  com.nero.train.member.config.MemberApplication    :57   [32m                  [0;39m Started MemberApplication in 1.039 seconds (process running for 1.209)
2024-05-14 11:03:43.100 INFO  com.nero.train.member.config.MemberApplication    :19   [32m                  [0;39m 启动成功！！
2024-05-14 11:03:43.100 INFO  com.nero.train.member.config.MemberApplication    :20   [32m                  [0;39m 测试地址: 	http://127.0.0.1:8001/member/hello
2024-05-14 11:06:33.416 INFO  com.nero.train.member.config.MemberApplication    :51   [32m                  [0;39m Starting MemberApplication using Java 17.0.11 with PID 79881 (/Users/nero/Documents/source_code/train/member/target/classes started by nero in /Users/nero/Documents/source_code/train)
2024-05-14 11:06:33.417 INFO  com.nero.train.member.config.MemberApplication    :630  [32m                  [0;39m No active profile set, falling back to 1 default profile: "default"
2024-05-14 11:06:33.435 INFO  o.s.b.d.env.DevToolsPropertyDefaultsPostProcessor :250  [32m                  [0;39m Devtools property defaults active! Set 'spring.devtools.add-properties' to 'false' to disable
2024-05-14 11:06:33.435 INFO  o.s.b.d.env.DevToolsPropertyDefaultsPostProcessor :250  [32m                  [0;39m For additional web related logging consider setting the 'logging.level.web' property to 'DEBUG'
2024-05-14 11:06:33.646 INFO  o.springframework.cloud.context.scope.GenericScope:282  [32m                  [0;39m BeanFactory id=573945aa-676a-3426-9914-84b13539a6b9
2024-05-14 11:06:33.959 INFO  o.s.boot.web.embedded.tomcat.TomcatWebServer      :114  [32m                  [0;39m Tomcat initialized with port(s): 8001 (http)
2024-05-14 11:06:33.963 INFO  org.apache.coyote.http11.Http11NioProtocol        :173  [32m                  [0;39m Initializing ProtocolHandler ["http-nio-8001"]
2024-05-14 11:06:33.964 INFO  org.apache.catalina.core.StandardService          :173  [32m                  [0;39m Starting service [Tomcat]
2024-05-14 11:06:33.964 INFO  org.apache.catalina.core.StandardEngine           :173  [32m                  [0;39m Starting Servlet engine: [Apache Tomcat/10.1.1]
2024-05-14 11:06:33.986 INFO  o.a.c.c.C.[Tomcat].[localhost].[/member]          :173  [32m                  [0;39m Initializing Spring embedded WebApplicationContext
2024-05-14 11:06:33.987 INFO  o.s.b.w.s.c.ServletWebServerApplicationContext    :291  [32m                  [0;39m Root WebApplicationContext: initialization completed in 552 ms
2024-05-14 11:06:34.169 INFO  o.s.b.d.autoconfigure.OptionalLiveReloadServer    :59   [32m                  [0;39m LiveReload server is running on port 35729
2024-05-14 11:06:34.185 INFO  org.apache.coyote.http11.Http11NioProtocol        :173  [32m                  [0;39m Starting ProtocolHandler ["http-nio-8001"]
2024-05-14 11:06:34.191 INFO  o.s.boot.web.embedded.tomcat.TomcatWebServer      :226  [32m                  [0;39m Tomcat started on port(s): 8001 (http) with context path '/member'
2024-05-14 11:06:34.196 INFO  com.nero.train.member.config.MemberApplication    :57   [32m                  [0;39m Started MemberApplication in 0.966 seconds (process running for 1.228)
2024-05-14 11:06:34.198 INFO  com.nero.train.member.config.MemberApplication    :19   [32m                  [0;39m 启动成功！！
2024-05-14 11:06:34.198 INFO  com.nero.train.member.config.MemberApplication    :20   [32m                  [0;39m 测试地址: 	http://127.0.0.1:8001/member/hello
2024-05-14 11:06:40.312 INFO  o.a.c.c.C.[Tomcat].[localhost].[/member]          :173  [32m                  [0;39m Initializing Spring DispatcherServlet 'dispatcherServlet'
2024-05-14 11:06:40.313 INFO  org.springframework.web.servlet.DispatcherServlet :525  [32m                  [0;39m Initializing Servlet 'dispatcherServlet'
2024-05-14 11:06:40.315 INFO  org.springframework.web.servlet.DispatcherServlet :547  [32m                  [0;39m Completed initialization in 1 ms
2024-05-14 11:06:40.342 INFO  com.nero.train.member.aspect.LogAspect            :52   [32m1715656000341     [0;39m ------------- 开始 -------------
2024-05-14 11:06:40.343 INFO  com.nero.train.member.aspect.LogAspect            :53   [32m1715656000341     [0;39m 请求地址: http://127.0.0.1:8001/member/hello GET
2024-05-14 11:06:40.343 INFO  com.nero.train.member.aspect.LogAspect            :54   [32m1715656000341     [0;39m 类名方法: com.nero.train.member.controller.TestController.hello
2024-05-14 11:06:40.343 INFO  com.nero.train.member.aspect.LogAspect            :55   [32m1715656000341     [0;39m 远程地址: 127.0.0.1
2024-05-14 11:06:40.365 INFO  com.nero.train.member.aspect.LogAspect            :76   [32m1715656000341     [0;39m 请求参数: []
2024-05-14 11:06:40.365 INFO  com.nero.train.member.aspect.LogAspect            :88   [32m1715656000341     [0;39m 返回结果: "hello world!"
2024-05-14 11:06:40.365 INFO  com.nero.train.member.aspect.LogAspect            :89   [32m1715656000341     [0;39m ------------- 结束 耗时：24 ms -------------
2024-05-14 11:07:33.698 INFO  com.nero.train.member.config.MemberApplication    :51   [32m                  [0;39m Starting MemberApplication using Java 17.0.11 with PID 80267 (/Users/nero/Documents/source_code/train/member/target/classes started by nero in /Users/nero/Documents/source_code/train)
2024-05-14 11:07:33.699 INFO  com.nero.train.member.config.MemberApplication    :630  [32m                  [0;39m No active profile set, falling back to 1 default profile: "default"
2024-05-14 11:07:33.718 INFO  o.s.b.d.env.DevToolsPropertyDefaultsPostProcessor :250  [32m                  [0;39m Devtools property defaults active! Set 'spring.devtools.add-properties' to 'false' to disable
2024-05-14 11:07:33.718 INFO  o.s.b.d.env.DevToolsPropertyDefaultsPostProcessor :250  [32m                  [0;39m For additional web related logging consider setting the 'logging.level.web' property to 'DEBUG'
2024-05-14 11:07:33.929 INFO  o.springframework.cloud.context.scope.GenericScope:282  [32m                  [0;39m BeanFactory id=573945aa-676a-3426-9914-84b13539a6b9
2024-05-14 11:07:34.179 INFO  o.s.boot.web.embedded.tomcat.TomcatWebServer      :114  [32m                  [0;39m Tomcat initialized with port(s): 8001 (http)
2024-05-14 11:07:34.184 INFO  org.apache.coyote.http11.Http11NioProtocol        :173  [32m                  [0;39m Initializing ProtocolHandler ["http-nio-8001"]
2024-05-14 11:07:34.184 INFO  org.apache.catalina.core.StandardService          :173  [32m                  [0;39m Starting service [Tomcat]
2024-05-14 11:07:34.184 INFO  org.apache.catalina.core.StandardEngine           :173  [32m                  [0;39m Starting Servlet engine: [Apache Tomcat/10.1.1]
2024-05-14 11:07:34.211 INFO  o.a.c.c.C.[Tomcat].[localhost].[/member]          :173  [32m                  [0;39m Initializing Spring embedded WebApplicationContext
2024-05-14 11:07:34.212 INFO  o.s.b.w.s.c.ServletWebServerApplicationContext    :291  [32m                  [0;39m Root WebApplicationContext: initialization completed in 493 ms
2024-05-14 11:07:34.388 INFO  o.s.b.d.autoconfigure.OptionalLiveReloadServer    :59   [32m                  [0;39m LiveReload server is running on port 35729
2024-05-14 11:07:34.404 INFO  org.apache.coyote.http11.Http11NioProtocol        :173  [32m                  [0;39m Starting ProtocolHandler ["http-nio-8001"]
2024-05-14 11:07:34.410 INFO  o.s.boot.web.embedded.tomcat.TomcatWebServer      :226  [32m                  [0;39m Tomcat started on port(s): 8001 (http) with context path '/member'
2024-05-14 11:07:34.415 INFO  com.nero.train.member.config.MemberApplication    :57   [32m                  [0;39m Started MemberApplication in 0.898 seconds (process running for 1.102)
2024-05-14 11:07:34.417 INFO  com.nero.train.member.config.MemberApplication    :19   [32m                  [0;39m 启动成功！！
2024-05-14 11:07:34.417 INFO  com.nero.train.member.config.MemberApplication    :20   [32m                  [0;39m 测试地址: 	http://127.0.0.1:8001/member/hello
2024-05-14 11:08:07.510 INFO  com.nero.train.member.config.MemberApplication    :51   [32m                  [0;39m Starting MemberApplication using Java 17.0.11 with PID 80511 (/Users/nero/Documents/source_code/train/member/target/classes started by nero in /Users/nero/Documents/source_code/train)
2024-05-14 11:08:07.512 INFO  com.nero.train.member.config.MemberApplication    :630  [32m                  [0;39m No active profile set, falling back to 1 default profile: "default"
2024-05-14 11:08:07.535 INFO  o.s.b.d.env.DevToolsPropertyDefaultsPostProcessor :250  [32m                  [0;39m Devtools property defaults active! Set 'spring.devtools.add-properties' to 'false' to disable
2024-05-14 11:08:07.535 INFO  o.s.b.d.env.DevToolsPropertyDefaultsPostProcessor :250  [32m                  [0;39m For additional web related logging consider setting the 'logging.level.web' property to 'DEBUG'
2024-05-14 11:08:07.749 INFO  o.springframework.cloud.context.scope.GenericScope:282  [32m                  [0;39m BeanFactory id=573945aa-676a-3426-9914-84b13539a6b9
2024-05-14 11:08:08.000 INFO  o.s.boot.web.embedded.tomcat.TomcatWebServer      :114  [32m                  [0;39m Tomcat initialized with port(s): 8001 (http)
2024-05-14 11:08:08.003 INFO  org.apache.coyote.http11.Http11NioProtocol        :173  [32m                  [0;39m Initializing ProtocolHandler ["http-nio-8001"]
2024-05-14 11:08:08.004 INFO  org.apache.catalina.core.StandardService          :173  [32m                  [0;39m Starting service [Tomcat]
2024-05-14 11:08:08.004 INFO  org.apache.catalina.core.StandardEngine           :173  [32m                  [0;39m Starting Servlet engine: [Apache Tomcat/10.1.1]
2024-05-14 11:08:08.033 INFO  o.a.c.c.C.[Tomcat].[localhost].[/member]          :173  [32m                  [0;39m Initializing Spring embedded WebApplicationContext
2024-05-14 11:08:08.034 INFO  o.s.b.w.s.c.ServletWebServerApplicationContext    :291  [32m                  [0;39m Root WebApplicationContext: initialization completed in 498 ms
2024-05-14 11:08:08.216 INFO  o.s.b.d.autoconfigure.OptionalLiveReloadServer    :59   [32m                  [0;39m LiveReload server is running on port 35729
2024-05-14 11:08:08.234 INFO  org.apache.coyote.http11.Http11NioProtocol        :173  [32m                  [0;39m Starting ProtocolHandler ["http-nio-8001"]
2024-05-14 11:08:08.241 INFO  o.s.boot.web.embedded.tomcat.TomcatWebServer      :226  [32m                  [0;39m Tomcat started on port(s): 8001 (http) with context path '/member'
2024-05-14 11:08:08.248 INFO  com.nero.train.member.config.MemberApplication    :57   [32m                  [0;39m Started MemberApplication in 0.92 seconds (process running for 1.072)
2024-05-14 11:08:08.249 INFO  com.nero.train.member.config.MemberApplication    :19   [32m                  [0;39m 启动成功！！
2024-05-14 11:08:08.249 INFO  com.nero.train.member.config.MemberApplication    :20   [32m                  [0;39m 测试地址: 	http://127.0.0.1:8001/member/hello
2024-05-14 11:08:22.065 INFO  com.nero.train.member.config.MemberApplication    :51   [32m                  [0;39m Starting MemberApplication using Java 17.0.11 with PID 80642 (/Users/nero/Documents/source_code/train/member/target/classes started by nero in /Users/nero/Documents/source_code/train)
2024-05-14 11:08:22.066 INFO  com.nero.train.member.config.MemberApplication    :630  [32m                  [0;39m No active profile set, falling back to 1 default profile: "default"
2024-05-14 11:08:22.081 INFO  o.s.b.d.env.DevToolsPropertyDefaultsPostProcessor :250  [32m                  [0;39m Devtools property defaults active! Set 'spring.devtools.add-properties' to 'false' to disable
2024-05-14 11:08:22.081 INFO  o.s.b.d.env.DevToolsPropertyDefaultsPostProcessor :250  [32m                  [0;39m For additional web related logging consider setting the 'logging.level.web' property to 'DEBUG'
2024-05-14 11:08:22.272 INFO  o.springframework.cloud.context.scope.GenericScope:282  [32m                  [0;39m BeanFactory id=573945aa-676a-3426-9914-84b13539a6b9
2024-05-14 11:08:22.529 INFO  o.s.boot.web.embedded.tomcat.TomcatWebServer      :114  [32m                  [0;39m Tomcat initialized with port(s): 8001 (http)
2024-05-14 11:08:22.533 INFO  org.apache.coyote.http11.Http11NioProtocol        :173  [32m                  [0;39m Initializing ProtocolHandler ["http-nio-8001"]
2024-05-14 11:08:22.533 INFO  org.apache.catalina.core.StandardService          :173  [32m                  [0;39m Starting service [Tomcat]
2024-05-14 11:08:22.533 INFO  org.apache.catalina.core.StandardEngine           :173  [32m                  [0;39m Starting Servlet engine: [Apache Tomcat/10.1.1]
2024-05-14 11:08:22.553 INFO  o.a.c.c.C.[Tomcat].[localhost].[/member]          :173  [32m                  [0;39m Initializing Spring embedded WebApplicationContext
2024-05-14 11:08:22.554 INFO  o.s.b.w.s.c.ServletWebServerApplicationContext    :291  [32m                  [0;39m Root WebApplicationContext: initialization completed in 471 ms
2024-05-14 11:08:22.732 INFO  o.s.b.d.autoconfigure.OptionalLiveReloadServer    :59   [32m                  [0;39m LiveReload server is running on port 35729
2024-05-14 11:08:22.750 INFO  org.apache.coyote.http11.Http11NioProtocol        :173  [32m                  [0;39m Starting ProtocolHandler ["http-nio-8001"]
2024-05-14 11:08:22.756 INFO  o.s.boot.web.embedded.tomcat.TomcatWebServer      :226  [32m                  [0;39m Tomcat started on port(s): 8001 (http) with context path '/member'
2024-05-14 11:08:22.762 INFO  com.nero.train.member.config.MemberApplication    :57   [32m                  [0;39m Started MemberApplication in 0.867 seconds (process running for 1.034)
2024-05-14 11:08:22.763 INFO  com.nero.train.member.config.MemberApplication    :19   [32m                  [0;39m 启动成功！！
2024-05-14 11:08:22.763 INFO  com.nero.train.member.config.MemberApplication    :20   [32m                  [0;39m 测试地址: 	http://127.0.0.1:8001/member/hello
2024-05-14 11:08:26.159 INFO  o.s.b.d.a.LocalDevToolsAutoConfiguration$RestartingClassPathChangeChangedEventListener:211  [32m                  [0;39m Restarting due to 1 class path change (0 additions, 0 deletions, 1 modification)
2024-05-14 11:08:26.169 INFO  org.apache.coyote.http11.Http11NioProtocol        :173  [32m                  [0;39m Pausing ProtocolHandler ["http-nio-8001"]
2024-05-14 11:08:26.169 INFO  org.apache.catalina.core.StandardService          :173  [32m                  [0;39m Stopping service [Tomcat]
2024-05-14 11:08:26.173 INFO  org.apache.coyote.http11.Http11NioProtocol        :173  [32m                  [0;39m Stopping ProtocolHandler ["http-nio-8001"]
2024-05-14 11:08:26.175 INFO  org.apache.coyote.http11.Http11NioProtocol        :173  [32m                  [0;39m Destroying ProtocolHandler ["http-nio-8001"]
2024-05-14 11:08:26.216 INFO  com.nero.train.member.config.MemberApplication    :51   [32m                  [0;39m Starting MemberApplication using Java 17.0.11 with PID 80642 (/Users/nero/Documents/source_code/train/member/target/classes started by nero in /Users/nero/Documents/source_code/train)
2024-05-14 11:08:26.216 INFO  com.nero.train.member.config.MemberApplication    :630  [32m                  [0;39m No active profile set, falling back to 1 default profile: "default"
2024-05-14 11:08:26.265 INFO  o.springframework.cloud.context.scope.GenericScope:282  [32m                  [0;39m BeanFactory id=573945aa-676a-3426-9914-84b13539a6b9
2024-05-14 11:08:26.297 INFO  o.s.boot.web.embedded.tomcat.TomcatWebServer      :114  [32m                  [0;39m Tomcat initialized with port(s): 8001 (http)
2024-05-14 11:08:26.298 INFO  org.apache.coyote.http11.Http11NioProtocol        :173  [32m                  [0;39m Initializing ProtocolHandler ["http-nio-8001"]
2024-05-14 11:08:26.298 INFO  org.apache.catalina.core.StandardService          :173  [32m                  [0;39m Starting service [Tomcat]
2024-05-14 11:08:26.298 INFO  org.apache.catalina.core.StandardEngine           :173  [32m                  [0;39m Starting Servlet engine: [Apache Tomcat/10.1.1]
2024-05-14 11:08:26.305 INFO  o.a.c.c.C.[Tomcat].[localhost].[/member]          :173  [32m                  [0;39m Initializing Spring embedded WebApplicationContext
2024-05-14 11:08:26.305 INFO  o.s.b.w.s.c.ServletWebServerApplicationContext    :291  [32m                  [0;39m Root WebApplicationContext: initialization completed in 88 ms
2024-05-14 11:08:26.376 INFO  o.s.b.d.autoconfigure.OptionalLiveReloadServer    :59   [32m                  [0;39m LiveReload server is running on port 35729
2024-05-14 11:08:26.389 INFO  org.apache.coyote.http11.Http11NioProtocol        :173  [32m                  [0;39m Starting ProtocolHandler ["http-nio-8001"]
2024-05-14 11:08:26.391 INFO  o.s.boot.web.embedded.tomcat.TomcatWebServer      :226  [32m                  [0;39m Tomcat started on port(s): 8001 (http) with context path '/member'
2024-05-14 11:08:26.393 INFO  com.nero.train.member.config.MemberApplication    :57   [32m                  [0;39m Started MemberApplication in 0.195 seconds (process running for 4.666)
2024-05-14 11:08:26.394 INFO  o.s.b.d.a.ConditionEvaluationDeltaLoggingListener :63   [32m                  [0;39m Condition evaluation unchanged
2024-05-14 11:08:26.394 INFO  com.nero.train.member.config.MemberApplication    :19   [32m                  [0;39m 启动成功！！
2024-05-14 11:08:26.394 INFO  com.nero.train.member.config.MemberApplication    :20   [32m                  [0;39m 测试地址: 	http://127.0.0.1:8001/member/hello
2024-05-14 11:14:07.879 INFO  com.nero.train.member.config.MemberApplication    :51   [32m                  [0;39m Starting MemberApplication using Java 17.0.11 with PID 82425 (/Users/nero/Documents/source_code/train/member/target/classes started by nero in /Users/nero/Documents/source_code/train)
2024-05-14 11:14:07.880 INFO  com.nero.train.member.config.MemberApplication    :630  [32m                  [0;39m No active profile set, falling back to 1 default profile: "default"
2024-05-14 11:14:07.899 INFO  o.s.b.d.env.DevToolsPropertyDefaultsPostProcessor :250  [32m                  [0;39m Devtools property defaults active! Set 'spring.devtools.add-properties' to 'false' to disable
2024-05-14 11:14:07.899 INFO  o.s.b.d.env.DevToolsPropertyDefaultsPostProcessor :250  [32m                  [0;39m For additional web related logging consider setting the 'logging.level.web' property to 'DEBUG'
2024-05-14 11:14:08.117 INFO  o.springframework.cloud.context.scope.GenericScope:282  [32m                  [0;39m BeanFactory id=573945aa-676a-3426-9914-84b13539a6b9
2024-05-14 11:14:08.370 INFO  o.s.boot.web.embedded.tomcat.TomcatWebServer      :114  [32m                  [0;39m Tomcat initialized with port(s): 8001 (http)
2024-05-14 11:14:08.373 INFO  org.apache.coyote.http11.Http11NioProtocol        :173  [32m                  [0;39m Initializing ProtocolHandler ["http-nio-8001"]
2024-05-14 11:14:08.374 INFO  org.apache.catalina.core.StandardService          :173  [32m                  [0;39m Starting service [Tomcat]
2024-05-14 11:14:08.374 INFO  org.apache.catalina.core.StandardEngine           :173  [32m                  [0;39m Starting Servlet engine: [Apache Tomcat/10.1.1]
2024-05-14 11:14:08.396 INFO  o.a.c.c.C.[Tomcat].[localhost].[/member]          :173  [32m                  [0;39m Initializing Spring embedded WebApplicationContext
2024-05-14 11:14:08.396 INFO  o.s.b.w.s.c.ServletWebServerApplicationContext    :291  [32m                  [0;39m Root WebApplicationContext: initialization completed in 496 ms
2024-05-14 11:14:08.575 INFO  o.s.b.d.autoconfigure.OptionalLiveReloadServer    :59   [32m                  [0;39m LiveReload server is running on port 35729
2024-05-14 11:14:08.593 INFO  org.apache.coyote.http11.Http11NioProtocol        :173  [32m                  [0;39m Starting ProtocolHandler ["http-nio-8001"]
2024-05-14 11:14:08.599 INFO  o.s.boot.web.embedded.tomcat.TomcatWebServer      :226  [32m                  [0;39m Tomcat started on port(s): 8001 (http) with context path '/member'
2024-05-14 11:14:08.605 INFO  com.nero.train.member.config.MemberApplication    :57   [32m                  [0;39m Started MemberApplication in 0.929 seconds (process running for 1.151)
2024-05-14 11:14:08.606 INFO  com.nero.train.member.config.MemberApplication    :19   [32m                  [0;39m 启动成功！！
2024-05-14 11:14:08.606 INFO  com.nero.train.member.config.MemberApplication    :20   [32m                  [0;39m 测试地址: 	http://127.0.0.1:8001/member/hello
2024-05-14 13:16:54.859 INFO  com.nero.train.member.config.MemberApplication    :51   [32m                  [0;39m Starting MemberApplication using Java 17.0.11 with PID 86579 (/Users/nero/Desktop/train/member/target/classes started by nero in /Users/nero/Desktop/train)
2024-05-14 13:16:54.860 INFO  com.nero.train.member.config.MemberApplication    :630  [32m                  [0;39m No active profile set, falling back to 1 default profile: "default"
2024-05-14 13:16:54.883 INFO  o.s.b.d.env.DevToolsPropertyDefaultsPostProcessor :250  [32m                  [0;39m Devtools property defaults active! Set 'spring.devtools.add-properties' to 'false' to disable
2024-05-14 13:16:54.884 INFO  o.s.b.d.env.DevToolsPropertyDefaultsPostProcessor :250  [32m                  [0;39m For additional web related logging consider setting the 'logging.level.web' property to 'DEBUG'
2024-05-14 13:16:55.092 INFO  o.springframework.cloud.context.scope.GenericScope:282  [32m                  [0;39m BeanFactory id=b316793f-4779-3afc-a0c1-64bd73057da1
2024-05-14 13:16:55.334 INFO  o.s.boot.web.embedded.tomcat.TomcatWebServer      :114  [32m                  [0;39m Tomcat initialized with port(s): 8001 (http)
2024-05-14 13:16:55.337 INFO  org.apache.coyote.http11.Http11NioProtocol        :173  [32m                  [0;39m Initializing ProtocolHandler ["http-nio-8001"]
2024-05-14 13:16:55.338 INFO  org.apache.catalina.core.StandardService          :173  [32m                  [0;39m Starting service [Tomcat]
2024-05-14 13:16:55.338 INFO  org.apache.catalina.core.StandardEngine           :173  [32m                  [0;39m Starting Servlet engine: [Apache Tomcat/10.1.1]
2024-05-14 13:16:55.360 INFO  o.a.c.c.C.[Tomcat].[localhost].[/member]          :173  [32m                  [0;39m Initializing Spring embedded WebApplicationContext
2024-05-14 13:16:55.361 INFO  o.s.b.w.s.c.ServletWebServerApplicationContext    :291  [32m                  [0;39m Root WebApplicationContext: initialization completed in 477 ms
2024-05-14 13:16:55.519 INFO  o.s.b.d.autoconfigure.OptionalLiveReloadServer    :59   [32m                  [0;39m LiveReload server is running on port 35729
2024-05-14 13:16:55.540 INFO  org.apache.coyote.http11.Http11NioProtocol        :173  [32m                  [0;39m Starting ProtocolHandler ["http-nio-8001"]
2024-05-14 13:16:55.547 INFO  o.s.boot.web.embedded.tomcat.TomcatWebServer      :226  [32m                  [0;39m Tomcat started on port(s): 8001 (http) with context path '/member'
2024-05-14 13:16:55.553 INFO  com.nero.train.member.config.MemberApplication    :57   [32m                  [0;39m Started MemberApplication in 1.022 seconds (process running for 1.334)
2024-05-14 13:16:55.554 INFO  com.nero.train.member.config.MemberApplication    :19   [32m                  [0;39m 启动成功！！
2024-05-14 13:16:55.554 INFO  com.nero.train.member.config.MemberApplication    :20   [32m                  [0;39m 测试地址: 	http://127.0.0.1:8001/member/hello
2024-05-14 13:17:43.319 INFO  o.s.b.d.a.LocalDevToolsAutoConfiguration$RestartingClassPathChangeChangedEventListener:211  [32m                  [0;39m Restarting due to 1 class path change (0 additions, 0 deletions, 1 modification)
2024-05-14 13:17:43.333 INFO  org.apache.coyote.http11.Http11NioProtocol        :173  [32m                  [0;39m Pausing ProtocolHandler ["http-nio-8001"]
2024-05-14 13:17:43.333 INFO  org.apache.catalina.core.StandardService          :173  [32m                  [0;39m Stopping service [Tomcat]
2024-05-14 13:17:43.340 INFO  org.apache.coyote.http11.Http11NioProtocol        :173  [32m                  [0;39m Stopping ProtocolHandler ["http-nio-8001"]
2024-05-14 13:17:43.344 INFO  org.apache.coyote.http11.Http11NioProtocol        :173  [32m                  [0;39m Destroying ProtocolHandler ["http-nio-8001"]
2024-05-14 13:17:43.394 INFO  com.nero.train.member.config.MemberApplication    :51   [32m                  [0;39m Starting MemberApplication using Java 17.0.11 with PID 86579 (/Users/nero/Desktop/train/member/target/classes started by nero in /Users/nero/Desktop/train)
2024-05-14 13:17:43.394 INFO  com.nero.train.member.config.MemberApplication    :630  [32m                  [0;39m No active profile set, falling back to 1 default profile: "default"
2024-05-14 13:17:43.440 INFO  o.springframework.cloud.context.scope.GenericScope:282  [32m                  [0;39m BeanFactory id=b316793f-4779-3afc-a0c1-64bd73057da1
2024-05-14 13:17:43.466 INFO  o.s.boot.web.embedded.tomcat.TomcatWebServer      :114  [32m                  [0;39m Tomcat initialized with port(s): 8001 (http)
2024-05-14 13:17:43.466 INFO  org.apache.coyote.http11.Http11NioProtocol        :173  [32m                  [0;39m Initializing ProtocolHandler ["http-nio-8001"]
2024-05-14 13:17:43.466 INFO  org.apache.catalina.core.StandardService          :173  [32m                  [0;39m Starting service [Tomcat]
2024-05-14 13:17:43.466 INFO  org.apache.catalina.core.StandardEngine           :173  [32m                  [0;39m Starting Servlet engine: [Apache Tomcat/10.1.1]
2024-05-14 13:17:43.473 INFO  o.a.c.c.C.[Tomcat].[localhost].[/member]          :173  [32m                  [0;39m Initializing Spring embedded WebApplicationContext
2024-05-14 13:17:43.473 INFO  o.s.b.w.s.c.ServletWebServerApplicationContext    :291  [32m                  [0;39m Root WebApplicationContext: initialization completed in 78 ms
2024-05-14 13:17:43.532 INFO  o.s.b.d.autoconfigure.OptionalLiveReloadServer    :59   [32m                  [0;39m LiveReload server is running on port 35729
2024-05-14 13:17:43.544 INFO  org.apache.coyote.http11.Http11NioProtocol        :173  [32m                  [0;39m Starting ProtocolHandler ["http-nio-8001"]
2024-05-14 13:17:43.545 INFO  o.s.boot.web.embedded.tomcat.TomcatWebServer      :226  [32m                  [0;39m Tomcat started on port(s): 8001 (http) with context path '/member'
2024-05-14 13:17:43.548 INFO  com.nero.train.member.config.MemberApplication    :57   [32m                  [0;39m Started MemberApplication in 0.17 seconds (process running for 49.329)
2024-05-14 13:17:43.549 INFO  o.s.b.d.a.ConditionEvaluationDeltaLoggingListener :63   [32m                  [0;39m Condition evaluation unchanged
2024-05-14 13:17:43.549 INFO  com.nero.train.member.config.MemberApplication    :19   [32m                  [0;39m 启动成功！！
2024-05-14 13:17:43.549 INFO  com.nero.train.member.config.MemberApplication    :20   [32m                  [0;39m 测试地址: 	http://127.0.0.1:8001/member/hello
2024-05-14 13:18:57.346 INFO  o.a.c.c.C.[Tomcat].[localhost].[/member]          :173  [32m                  [0;39m Initializing Spring DispatcherServlet 'dispatcherServlet'
2024-05-14 13:18:57.346 INFO  org.springframework.web.servlet.DispatcherServlet :525  [32m                  [0;39m Initializing Servlet 'dispatcherServlet'
2024-05-14 13:18:57.347 INFO  org.springframework.web.servlet.DispatcherServlet :547  [32m                  [0;39m Completed initialization in 1 ms
2024-05-14 13:18:57.359 INFO  com.nero.train.common.aspect.LogAspect            :53   [32m1715663937359     [0;39m ------------- 开始 -------------
2024-05-14 13:18:57.360 INFO  com.nero.train.common.aspect.LogAspect            :54   [32m1715663937359     [0;39m 请求地址: http://127.0.0.1:8001/member/hello GET
2024-05-14 13:18:57.360 INFO  com.nero.train.common.aspect.LogAspect            :55   [32m1715663937359     [0;39m 类名方法: com.nero.train.member.controller.TestController.hello
2024-05-14 13:18:57.360 INFO  com.nero.train.common.aspect.LogAspect            :56   [32m1715663937359     [0;39m 远程地址: 127.0.0.1
2024-05-14 13:18:57.374 INFO  com.nero.train.common.aspect.LogAspect            :77   [32m1715663937359     [0;39m 请求参数: []
2024-05-14 13:18:57.374 INFO  com.nero.train.common.aspect.LogAspect            :89   [32m1715663937359     [0;39m 返回结果: "hello world!"
2024-05-14 13:18:57.374 INFO  com.nero.train.common.aspect.LogAspect            :90   [32m1715663937359     [0;39m ------------- 结束 耗时：15 ms -------------
2024-05-14 13:19:18.746 INFO  o.s.b.d.a.LocalDevToolsAutoConfiguration$RestartingClassPathChangeChangedEventListener:211  [32m                  [0;39m Restarting due to 1 class path change (0 additions, 0 deletions, 1 modification)
2024-05-14 13:19:18.756 INFO  org.apache.coyote.http11.Http11NioProtocol        :173  [32m                  [0;39m Pausing ProtocolHandler ["http-nio-8001"]
2024-05-14 13:19:18.756 INFO  org.apache.catalina.core.StandardService          :173  [32m                  [0;39m Stopping service [Tomcat]
2024-05-14 13:19:18.757 INFO  o.a.c.c.C.[Tomcat].[localhost].[/member]          :173  [32m                  [0;39m Destroying Spring FrameworkServlet 'dispatcherServlet'
2024-05-14 13:19:18.759 INFO  org.apache.coyote.http11.Http11NioProtocol        :173  [32m                  [0;39m Stopping ProtocolHandler ["http-nio-8001"]
2024-05-14 13:19:18.763 INFO  org.apache.coyote.http11.Http11NioProtocol        :173  [32m                  [0;39m Destroying ProtocolHandler ["http-nio-8001"]
2024-05-14 13:19:18.812 INFO  com.nero.train.member.config.MemberApplication    :51   [32m                  [0;39m Starting MemberApplication using Java 17.0.11 with PID 86579 (/Users/nero/Desktop/train/member/target/classes started by nero in /Users/nero/Desktop/train)
2024-05-14 13:19:18.813 INFO  com.nero.train.member.config.MemberApplication    :630  [32m                  [0;39m No active profile set, falling back to 1 default profile: "default"
2024-05-14 13:19:18.856 INFO  o.springframework.cloud.context.scope.GenericScope:282  [32m                  [0;39m BeanFactory id=b316793f-4779-3afc-a0c1-64bd73057da1
2024-05-14 13:19:18.879 INFO  o.s.boot.web.embedded.tomcat.TomcatWebServer      :114  [32m                  [0;39m Tomcat initialized with port(s): 8001 (http)
2024-05-14 13:19:18.879 INFO  org.apache.coyote.http11.Http11NioProtocol        :173  [32m                  [0;39m Initializing ProtocolHandler ["http-nio-8001"]
2024-05-14 13:19:18.879 INFO  org.apache.catalina.core.StandardService          :173  [32m                  [0;39m Starting service [Tomcat]
2024-05-14 13:19:18.879 INFO  org.apache.catalina.core.StandardEngine           :173  [32m                  [0;39m Starting Servlet engine: [Apache Tomcat/10.1.1]
2024-05-14 13:19:18.886 INFO  o.a.c.c.C.[Tomcat].[localhost].[/member]          :173  [32m                  [0;39m Initializing Spring embedded WebApplicationContext
2024-05-14 13:19:18.886 INFO  o.s.b.w.s.c.ServletWebServerApplicationContext    :291  [32m                  [0;39m Root WebApplicationContext: initialization completed in 72 ms
2024-05-14 13:19:18.939 INFO  o.s.b.d.autoconfigure.OptionalLiveReloadServer    :59   [32m                  [0;39m LiveReload server is running on port 35729
2024-05-14 13:19:18.949 INFO  org.apache.coyote.http11.Http11NioProtocol        :173  [32m                  [0;39m Starting ProtocolHandler ["http-nio-8001"]
2024-05-14 13:19:18.949 INFO  o.s.boot.web.embedded.tomcat.TomcatWebServer      :226  [32m                  [0;39m Tomcat started on port(s): 8001 (http) with context path '/member'
2024-05-14 13:19:18.952 INFO  com.nero.train.member.config.MemberApplication    :57   [32m                  [0;39m Started MemberApplication in 0.157 seconds (process running for 144.734)
2024-05-14 13:19:18.952 INFO  o.s.b.d.a.ConditionEvaluationDeltaLoggingListener :63   [32m                  [0;39m Condition evaluation unchanged
2024-05-14 13:19:18.953 INFO  com.nero.train.member.config.MemberApplication    :19   [32m                  [0;39m 启动成功！！
2024-05-14 13:19:18.953 INFO  com.nero.train.member.config.MemberApplication    :20   [32m                  [0;39m 测试地址: 	http://127.0.0.1:8001/member/hello
2024-05-14 13:27:19.918 INFO  com.nero.train.member.config.MemberApplication    :51   [32m                  [0;39m Starting MemberApplication using Java 17.0.11 with PID 87016 (/Users/nero/Documents/source_code/train/member/target/classes started by nero in /Users/nero/Documents/source_code/train)
2024-05-14 13:27:19.920 INFO  com.nero.train.member.config.MemberApplication    :630  [32m                  [0;39m No active profile set, falling back to 1 default profile: "default"
2024-05-14 13:27:19.935 INFO  o.s.b.d.env.DevToolsPropertyDefaultsPostProcessor :250  [32m                  [0;39m Devtools property defaults active! Set 'spring.devtools.add-properties' to 'false' to disable
2024-05-14 13:27:19.935 INFO  o.s.b.d.env.DevToolsPropertyDefaultsPostProcessor :250  [32m                  [0;39m For additional web related logging consider setting the 'logging.level.web' property to 'DEBUG'
2024-05-14 13:27:20.116 INFO  o.springframework.cloud.context.scope.GenericScope:282  [32m                  [0;39m BeanFactory id=b316793f-4779-3afc-a0c1-64bd73057da1
2024-05-14 13:27:20.333 INFO  o.s.boot.web.embedded.tomcat.TomcatWebServer      :114  [32m                  [0;39m Tomcat initialized with port(s): 8001 (http)
2024-05-14 13:27:20.336 INFO  org.apache.coyote.http11.Http11NioProtocol        :173  [32m                  [0;39m Initializing ProtocolHandler ["http-nio-8001"]
2024-05-14 13:27:20.337 INFO  org.apache.catalina.core.StandardService          :173  [32m                  [0;39m Starting service [Tomcat]
2024-05-14 13:27:20.337 INFO  org.apache.catalina.core.StandardEngine           :173  [32m                  [0;39m Starting Servlet engine: [Apache Tomcat/10.1.1]
2024-05-14 13:27:20.356 INFO  o.a.c.c.C.[Tomcat].[localhost].[/member]          :173  [32m                  [0;39m Initializing Spring embedded WebApplicationContext
2024-05-14 13:27:20.356 INFO  o.s.b.w.s.c.ServletWebServerApplicationContext    :291  [32m                  [0;39m Root WebApplicationContext: initialization completed in 421 ms
2024-05-14 13:27:20.505 INFO  o.s.b.d.autoconfigure.OptionalLiveReloadServer    :59   [32m                  [0;39m LiveReload server is running on port 35729
2024-05-14 13:27:20.526 INFO  org.apache.coyote.http11.Http11NioProtocol        :173  [32m                  [0;39m Starting ProtocolHandler ["http-nio-8001"]
2024-05-14 13:27:20.532 INFO  o.s.boot.web.embedded.tomcat.TomcatWebServer      :226  [32m                  [0;39m Tomcat started on port(s): 8001 (http) with context path '/member'
2024-05-14 13:27:20.538 INFO  com.nero.train.member.config.MemberApplication    :57   [32m                  [0;39m Started MemberApplication in 0.799 seconds (process running for 1.088)
2024-05-14 13:27:20.539 INFO  com.nero.train.member.config.MemberApplication    :19   [32m                  [0;39m 启动成功！！
2024-05-14 13:27:20.539 INFO  com.nero.train.member.config.MemberApplication    :20   [32m                  [0;39m 测试地址: 	http://127.0.0.1:8001/member/hello
2024-05-14 13:39:08.741 INFO  com.nero.train.member.config.MemberApplication    :51   [32m                  [0;39m Starting MemberApplication using Java 17.0.11 with PID 87767 (/Users/nero/Documents/source_code/train/member/target/classes started by nero in /Users/nero/Documents/source_code/train)
2024-05-14 13:39:08.742 INFO  com.nero.train.member.config.MemberApplication    :630  [32m                  [0;39m No active profile set, falling back to 1 default profile: "default"
2024-05-14 13:39:08.755 INFO  o.s.b.d.env.DevToolsPropertyDefaultsPostProcessor :250  [32m                  [0;39m Devtools property defaults active! Set 'spring.devtools.add-properties' to 'false' to disable
2024-05-14 13:39:08.755 INFO  o.s.b.d.env.DevToolsPropertyDefaultsPostProcessor :250  [32m                  [0;39m For additional web related logging consider setting the 'logging.level.web' property to 'DEBUG'
2024-05-14 13:39:08.939 INFO  o.springframework.cloud.context.scope.GenericScope:282  [32m                  [0;39m BeanFactory id=b316793f-4779-3afc-a0c1-64bd73057da1
2024-05-14 13:39:09.159 INFO  o.s.boot.web.embedded.tomcat.TomcatWebServer      :114  [32m                  [0;39m Tomcat initialized with port(s): 8001 (http)
2024-05-14 13:39:09.163 INFO  org.apache.coyote.http11.Http11NioProtocol        :173  [32m                  [0;39m Initializing ProtocolHandler ["http-nio-8001"]
2024-05-14 13:39:09.164 INFO  org.apache.catalina.core.StandardService          :173  [32m                  [0;39m Starting service [Tomcat]
2024-05-14 13:39:09.164 INFO  org.apache.catalina.core.StandardEngine           :173  [32m                  [0;39m Starting Servlet engine: [Apache Tomcat/10.1.1]
2024-05-14 13:39:09.183 INFO  o.a.c.c.C.[Tomcat].[localhost].[/member]          :173  [32m                  [0;39m Initializing Spring embedded WebApplicationContext
2024-05-14 13:39:09.184 INFO  o.s.b.w.s.c.ServletWebServerApplicationContext    :291  [32m                  [0;39m Root WebApplicationContext: initialization completed in 428 ms
2024-05-14 13:39:09.334 INFO  o.s.b.d.autoconfigure.OptionalLiveReloadServer    :59   [32m                  [0;39m LiveReload server is running on port 35729
2024-05-14 13:39:09.359 INFO  org.apache.coyote.http11.Http11NioProtocol        :173  [32m                  [0;39m Starting ProtocolHandler ["http-nio-8001"]
2024-05-14 13:39:09.366 INFO  o.s.boot.web.embedded.tomcat.TomcatWebServer      :226  [32m                  [0;39m Tomcat started on port(s): 8001 (http) with context path '/member'
2024-05-14 13:39:09.371 INFO  com.nero.train.member.config.MemberApplication    :57   [32m                  [0;39m Started MemberApplication in 0.81 seconds (process running for 1.016)
2024-05-14 13:39:09.372 INFO  com.nero.train.member.config.MemberApplication    :19   [32m                  [0;39m 启动成功！！
2024-05-14 13:39:09.373 INFO  com.nero.train.member.config.MemberApplication    :20   [32m                  [0;39m 测试地址: 	http://127.0.0.1:8001/member/hello
2024-05-14 13:53:39.633 INFO  com.nero.train.member.config.MemberApplication    :51   [32m                  [0;39m Starting MemberApplication using Java 17.0.11 with PID 90756 (/Users/nero/Documents/source_code/train/member/target/classes started by nero in /Users/nero/Documents/source_code/train)
2024-05-14 13:53:39.635 INFO  com.nero.train.member.config.MemberApplication    :630  [32m                  [0;39m No active profile set, falling back to 1 default profile: "default"
2024-05-14 13:53:39.651 INFO  o.s.b.d.env.DevToolsPropertyDefaultsPostProcessor :250  [32m                  [0;39m Devtools property defaults active! Set 'spring.devtools.add-properties' to 'false' to disable
2024-05-14 13:53:39.651 INFO  o.s.b.d.env.DevToolsPropertyDefaultsPostProcessor :250  [32m                  [0;39m For additional web related logging consider setting the 'logging.level.web' property to 'DEBUG'
2024-05-14 13:53:39.861 INFO  o.springframework.cloud.context.scope.GenericScope:282  [32m                  [0;39m BeanFactory id=b316793f-4779-3afc-a0c1-64bd73057da1
2024-05-14 13:53:40.099 INFO  o.s.boot.web.embedded.tomcat.TomcatWebServer      :114  [32m                  [0;39m Tomcat initialized with port(s): 8001 (http)
2024-05-14 13:53:40.104 INFO  org.apache.coyote.http11.Http11NioProtocol        :173  [32m                  [0;39m Initializing ProtocolHandler ["http-nio-8001"]
2024-05-14 13:53:40.104 INFO  org.apache.catalina.core.StandardService          :173  [32m                  [0;39m Starting service [Tomcat]
2024-05-14 13:53:40.104 INFO  org.apache.catalina.core.StandardEngine           :173  [32m                  [0;39m Starting Servlet engine: [Apache Tomcat/10.1.1]
2024-05-14 13:53:40.125 INFO  o.a.c.c.C.[Tomcat].[localhost].[/member]          :173  [32m                  [0;39m Initializing Spring embedded WebApplicationContext
2024-05-14 13:53:40.126 INFO  o.s.b.w.s.c.ServletWebServerApplicationContext    :291  [32m                  [0;39m Root WebApplicationContext: initialization completed in 474 ms
2024-05-14 13:53:40.297 INFO  o.s.b.d.autoconfigure.OptionalLiveReloadServer    :59   [32m                  [0;39m LiveReload server is running on port 35729
2024-05-14 13:53:40.325 INFO  org.apache.coyote.http11.Http11NioProtocol        :173  [32m                  [0;39m Starting ProtocolHandler ["http-nio-8001"]
2024-05-14 13:53:40.333 INFO  o.s.boot.web.embedded.tomcat.TomcatWebServer      :226  [32m                  [0;39m Tomcat started on port(s): 8001 (http) with context path '/member'
2024-05-14 13:53:40.338 INFO  com.nero.train.member.config.MemberApplication    :57   [32m                  [0;39m Started MemberApplication in 0.895 seconds (process running for 1.192)
2024-05-14 13:53:40.340 INFO  com.nero.train.member.config.MemberApplication    :19   [32m                  [0;39m 启动成功！！
2024-05-14 13:53:40.340 INFO  com.nero.train.member.config.MemberApplication    :20   [32m                  [0;39m 测试地址: 	http://127.0.0.1:8001/member/hello
2024-05-14 14:07:07.391 INFO  com.nero.train.member.config.MemberApplication    :51   [32m                  [0;39m Starting MemberApplication using Java 17.0.11 with PID 91121 (/Users/nero/Documents/source_code/train/member/target/classes started by nero in /Users/nero/Documents/source_code/train)
2024-05-14 14:07:07.392 INFO  com.nero.train.member.config.MemberApplication    :630  [32m                  [0;39m No active profile set, falling back to 1 default profile: "default"
2024-05-14 14:07:07.406 INFO  o.s.b.d.env.DevToolsPropertyDefaultsPostProcessor :250  [32m                  [0;39m Devtools property defaults active! Set 'spring.devtools.add-properties' to 'false' to disable
2024-05-14 14:07:07.407 INFO  o.s.b.d.env.DevToolsPropertyDefaultsPostProcessor :250  [32m                  [0;39m For additional web related logging consider setting the 'logging.level.web' property to 'DEBUG'
2024-05-14 14:07:07.587 INFO  o.springframework.cloud.context.scope.GenericScope:282  [32m                  [0;39m BeanFactory id=b316793f-4779-3afc-a0c1-64bd73057da1
2024-05-14 14:07:07.803 INFO  o.s.boot.web.embedded.tomcat.TomcatWebServer      :114  [32m                  [0;39m Tomcat initialized with port(s): 8001 (http)
2024-05-14 14:07:07.807 INFO  org.apache.coyote.http11.Http11NioProtocol        :173  [32m                  [0;39m Initializing ProtocolHandler ["http-nio-8001"]
2024-05-14 14:07:07.808 INFO  org.apache.catalina.core.StandardService          :173  [32m                  [0;39m Starting service [Tomcat]
2024-05-14 14:07:07.808 INFO  org.apache.catalina.core.StandardEngine           :173  [32m                  [0;39m Starting Servlet engine: [Apache Tomcat/10.1.1]
2024-05-14 14:07:07.828 INFO  o.a.c.c.C.[Tomcat].[localhost].[/member]          :173  [32m                  [0;39m Initializing Spring embedded WebApplicationContext
2024-05-14 14:07:07.829 INFO  o.s.b.w.s.c.ServletWebServerApplicationContext    :291  [32m                  [0;39m Root WebApplicationContext: initialization completed in 422 ms
2024-05-14 14:07:07.981 INFO  o.s.b.d.autoconfigure.OptionalLiveReloadServer    :59   [32m                  [0;39m LiveReload server is running on port 35729
2024-05-14 14:07:08.003 INFO  org.apache.coyote.http11.Http11NioProtocol        :173  [32m                  [0;39m Starting ProtocolHandler ["http-nio-8001"]
2024-05-14 14:07:08.010 INFO  o.s.boot.web.embedded.tomcat.TomcatWebServer      :226  [32m                  [0;39m Tomcat started on port(s): 8001 (http) with context path '/member'
2024-05-14 14:07:08.015 INFO  com.nero.train.member.config.MemberApplication    :57   [32m                  [0;39m Started MemberApplication in 0.798 seconds (process running for 1.035)
2024-05-14 14:07:08.016 INFO  com.nero.train.member.config.MemberApplication    :19   [32m                  [0;39m 启动成功！！
2024-05-14 14:07:08.016 INFO  com.nero.train.member.config.MemberApplication    :20   [32m                  [0;39m 测试地址: 	http://127.0.0.1:8001/member/hello
2024-05-14 14:07:09.412 INFO  o.a.c.c.C.[Tomcat].[localhost].[/member]          :173  [32m                  [0;39m Initializing Spring DispatcherServlet 'dispatcherServlet'
2024-05-14 14:07:09.412 INFO  org.springframework.web.servlet.DispatcherServlet :525  [32m                  [0;39m Initializing Servlet 'dispatcherServlet'
2024-05-14 14:07:09.412 INFO  org.springframework.web.servlet.DispatcherServlet :547  [32m                  [0;39m Completed initialization in 0 ms
2024-05-14 14:07:09.424 INFO  com.nero.train.common.aspect.LogAspect            :54   [32m1715666829423     [0;39m ------------- 开始 -------------
2024-05-14 14:07:09.424 INFO  com.nero.train.common.aspect.LogAspect            :55   [32m1715666829423     [0;39m 请求地址: http://127.0.0.1:8001/member/hello GET
2024-05-14 14:07:09.424 INFO  com.nero.train.common.aspect.LogAspect            :56   [32m1715666829423     [0;39m 类名方法: com.nero.train.member.controller.TestController.hello
2024-05-14 14:07:09.424 INFO  com.nero.train.common.aspect.LogAspect            :57   [32m1715666829423     [0;39m 远程地址: 127.0.0.1
2024-05-14 14:07:09.443 INFO  com.nero.train.common.aspect.LogAspect            :78   [32m1715666829423     [0;39m 请求参数: []
2024-05-14 14:07:09.444 INFO  com.nero.train.common.aspect.LogAspect            :90   [32m1715666829423     [0;39m 返回结果: "hello world!"
2024-05-14 14:07:09.444 INFO  com.nero.train.common.aspect.LogAspect            :91   [32m1715666829423     [0;39m ------------- 结束 耗时：21 ms -------------
2024-05-14 14:07:29.823 INFO  com.nero.train.common.aspect.LogAspect            :54   [32m1715666849823     [0;39m ------------- 开始 -------------
2024-05-14 14:07:29.824 INFO  com.nero.train.common.aspect.LogAspect            :55   [32m1715666849823     [0;39m 请求地址: http://127.0.0.1:8001/member/hello GET
2024-05-14 14:07:29.825 INFO  com.nero.train.common.aspect.LogAspect            :56   [32m1715666849823     [0;39m 类名方法: com.nero.train.member.controller.TestController.hello
2024-05-14 14:07:29.825 INFO  com.nero.train.common.aspect.LogAspect            :57   [32m1715666849823     [0;39m 远程地址: 127.0.0.1
2024-05-14 14:07:29.825 INFO  com.nero.train.common.aspect.LogAspect            :78   [32m1715666849823     [0;39m 请求参数: []
2024-05-14 14:07:29.825 INFO  com.nero.train.common.aspect.LogAspect            :90   [32m1715666849823     [0;39m 返回结果: "hello world!"
2024-05-14 14:07:29.825 INFO  com.nero.train.common.aspect.LogAspect            :91   [32m1715666849823     [0;39m ------------- 结束 耗时：2 ms -------------
2024-05-14 14:07:39.829 INFO  com.nero.train.common.aspect.LogAspect            :54   [32m1715666859829     [0;39m ------------- 开始 -------------
2024-05-14 14:07:39.829 INFO  com.nero.train.common.aspect.LogAspect            :55   [32m1715666859829     [0;39m 请求地址: http://127.0.0.1:8001/member/hello GET
2024-05-14 14:07:39.829 INFO  com.nero.train.common.aspect.LogAspect            :56   [32m1715666859829     [0;39m 类名方法: com.nero.train.member.controller.TestController.hello
2024-05-14 14:07:39.829 INFO  com.nero.train.common.aspect.LogAspect            :57   [32m1715666859829     [0;39m 远程地址: 127.0.0.1
2024-05-14 14:07:39.829 INFO  com.nero.train.common.aspect.LogAspect            :78   [32m1715666859829     [0;39m 请求参数: []
2024-05-14 14:07:39.829 INFO  com.nero.train.common.aspect.LogAspect            :90   [32m1715666859829     [0;39m 返回结果: "hello world!"
2024-05-14 14:07:39.829 INFO  com.nero.train.common.aspect.LogAspect            :91   [32m1715666859829     [0;39m ------------- 结束 耗时：0 ms -------------
2024-05-14 14:08:11.580 INFO  com.nero.train.common.aspect.LogAspect            :54   [32m1715666891580     [0;39m ------------- 开始 -------------
2024-05-14 14:08:11.581 INFO  com.nero.train.common.aspect.LogAspect            :55   [32m1715666891580     [0;39m 请求地址: http://127.0.0.1:8001/member/hello GET
2024-05-14 14:08:11.581 INFO  com.nero.train.common.aspect.LogAspect            :56   [32m1715666891580     [0;39m 类名方法: com.nero.train.member.controller.TestController.hello
2024-05-14 14:08:11.581 INFO  com.nero.train.common.aspect.LogAspect            :57   [32m1715666891580     [0;39m 远程地址: 127.0.0.1
2024-05-14 14:08:11.581 INFO  com.nero.train.common.aspect.LogAspect            :78   [32m1715666891580     [0;39m 请求参数: []
2024-05-14 14:08:11.581 INFO  com.nero.train.common.aspect.LogAspect            :90   [32m1715666891580     [0;39m 返回结果: "hello world!"
2024-05-14 14:08:11.581 INFO  com.nero.train.common.aspect.LogAspect            :91   [32m1715666891580     [0;39m ------------- 结束 耗时：1 ms -------------
2024-05-14 14:08:36.629 INFO  com.nero.train.common.aspect.LogAspect            :54   [32m1715666916629     [0;39m ------------- 开始 -------------
2024-05-14 14:08:36.629 INFO  com.nero.train.common.aspect.LogAspect            :55   [32m1715666916629     [0;39m 请求地址: http://127.0.0.1:8001/member/hello GET
2024-05-14 14:08:36.629 INFO  com.nero.train.common.aspect.LogAspect            :56   [32m1715666916629     [0;39m 类名方法: com.nero.train.member.controller.TestController.hello
2024-05-14 14:08:36.630 INFO  com.nero.train.common.aspect.LogAspect            :57   [32m1715666916629     [0;39m 远程地址: 127.0.0.1
2024-05-14 14:08:36.630 INFO  com.nero.train.common.aspect.LogAspect            :78   [32m1715666916629     [0;39m 请求参数: []
2024-05-14 14:08:36.630 INFO  com.nero.train.common.aspect.LogAspect            :90   [32m1715666916629     [0;39m 返回结果: "hello world!"
2024-05-14 14:08:36.630 INFO  com.nero.train.common.aspect.LogAspect            :91   [32m1715666916629     [0;39m ------------- 结束 耗时：1 ms -------------
2024-05-14 14:08:41.609 INFO  com.nero.train.common.aspect.LogAspect            :54   [32m1715666921609     [0;39m ------------- 开始 -------------
2024-05-14 14:08:41.609 INFO  com.nero.train.common.aspect.LogAspect            :55   [32m1715666921609     [0;39m 请求地址: http://127.0.0.1:8001/member/hello GET
2024-05-14 14:08:41.609 INFO  com.nero.train.common.aspect.LogAspect            :56   [32m1715666921609     [0;39m 类名方法: com.nero.train.member.controller.TestController.hello
2024-05-14 14:08:41.609 INFO  com.nero.train.common.aspect.LogAspect            :57   [32m1715666921609     [0;39m 远程地址: 127.0.0.1
2024-05-14 14:08:41.609 INFO  com.nero.train.common.aspect.LogAspect            :78   [32m1715666921609     [0;39m 请求参数: []
2024-05-14 14:08:41.609 INFO  com.nero.train.common.aspect.LogAspect            :90   [32m1715666921609     [0;39m 返回结果: "hello world!"
2024-05-14 14:08:41.609 INFO  com.nero.train.common.aspect.LogAspect            :91   [32m1715666921609     [0;39m ------------- 结束 耗时：0 ms -------------
2024-05-14 14:11:56.259 INFO  com.nero.train.common.aspect.LogAspect            :54   [32m1715667116259     [0;39m ------------- 开始 -------------
2024-05-14 14:11:56.260 INFO  com.nero.train.common.aspect.LogAspect            :55   [32m1715667116259     [0;39m 请求地址: http://127.0.0.1:8001/member/hello GET
2024-05-14 14:11:56.260 INFO  com.nero.train.common.aspect.LogAspect            :56   [32m1715667116259     [0;39m 类名方法: com.nero.train.member.controller.TestController.hello
2024-05-14 14:11:56.261 INFO  com.nero.train.common.aspect.LogAspect            :57   [32m1715667116259     [0;39m 远程地址: 127.0.0.1
2024-05-14 14:11:56.261 INFO  com.nero.train.common.aspect.LogAspect            :78   [32m1715667116259     [0;39m 请求参数: []
2024-05-14 14:11:56.261 INFO  com.nero.train.common.aspect.LogAspect            :90   [32m1715667116259     [0;39m 返回结果: "hello world!"
2024-05-14 14:11:56.261 INFO  com.nero.train.common.aspect.LogAspect            :91   [32m1715667116259     [0;39m ------------- 结束 耗时：2 ms -------------
2024-05-14 14:18:25.367 INFO  com.nero.train.common.aspect.LogAspect            :54   [32m1715667505367     [0;39m ------------- 开始 -------------
2024-05-14 14:18:25.368 INFO  com.nero.train.common.aspect.LogAspect            :55   [32m1715667505367     [0;39m 请求地址: http://127.0.0.1:8001/member/hello GET
2024-05-14 14:18:25.368 INFO  com.nero.train.common.aspect.LogAspect            :56   [32m1715667505367     [0;39m 类名方法: com.nero.train.member.controller.TestController.hello
2024-05-14 14:18:25.368 INFO  com.nero.train.common.aspect.LogAspect            :57   [32m1715667505367     [0;39m 远程地址: 127.0.0.1
2024-05-14 14:18:25.368 INFO  com.nero.train.common.aspect.LogAspect            :78   [32m1715667505367     [0;39m 请求参数: []
2024-05-14 14:18:25.368 INFO  com.nero.train.common.aspect.LogAspect            :90   [32m1715667505367     [0;39m 返回结果: "hello world!"
2024-05-14 14:18:25.369 INFO  com.nero.train.common.aspect.LogAspect            :91   [32m1715667505367     [0;39m ------------- 结束 耗时：2 ms -------------
