2024-05-14 13:43:32.469 INFO  org.hibernate.validator.internal.util.Version     :21   [32m                  [0;39m HV000001: Hibernate Validator 8.0.0.Final
2024-05-14 13:43:32.488 INFO  com.nero.train.gateway.config.GatewayApplication  :51   [32m                  [0;39m Starting GatewayApplication using Java 17.0.11 with PID 87918 (/Users/nero/Documents/source_code/train/gateway/target/classes started by nero in /Users/nero/Documents/source_code/train)
2024-05-14 13:43:32.489 INFO  com.nero.train.gateway.config.GatewayApplication  :630  [32m                  [0;39m No active profile set, falling back to 1 default profile: "default"
2024-05-14 13:43:32.668 INFO  o.springframework.cloud.context.scope.GenericScope:282  [32m                  [0;39m BeanFactory id=0e2b2cef-721a-31d7-85a3-0b1585f28a0e
2024-05-14 13:43:32.855 INFO  o.s.c.gateway.route.RouteDefinitionRouteLocator   :89   [32m                  [0;39m Loaded RoutePredicateFactory [After]
2024-05-14 13:43:32.855 INFO  o.s.c.gateway.route.RouteDefinitionRouteLocator   :89   [32m                  [0;39m Loaded RoutePredicateFactory [Before]
2024-05-14 13:43:32.855 INFO  o.s.c.gateway.route.RouteDefinitionRouteLocator   :89   [32m                  [0;39m Loaded RoutePredicateFactory [Between]
2024-05-14 13:43:32.856 INFO  o.s.c.gateway.route.RouteDefinitionRouteLocator   :89   [32m                  [0;39m Loaded RoutePredicateFactory [Cookie]
2024-05-14 13:43:32.856 INFO  o.s.c.gateway.route.RouteDefinitionRouteLocator   :89   [32m                  [0;39m Loaded RoutePredicateFactory [Header]
2024-05-14 13:43:32.856 INFO  o.s.c.gateway.route.RouteDefinitionRouteLocator   :89   [32m                  [0;39m Loaded RoutePredicateFactory [Host]
2024-05-14 13:43:32.856 INFO  o.s.c.gateway.route.RouteDefinitionRouteLocator   :89   [32m                  [0;39m Loaded RoutePredicateFactory [Method]
2024-05-14 13:43:32.856 INFO  o.s.c.gateway.route.RouteDefinitionRouteLocator   :89   [32m                  [0;39m Loaded RoutePredicateFactory [Path]
2024-05-14 13:43:32.856 INFO  o.s.c.gateway.route.RouteDefinitionRouteLocator   :89   [32m                  [0;39m Loaded RoutePredicateFactory [Query]
2024-05-14 13:43:32.856 INFO  o.s.c.gateway.route.RouteDefinitionRouteLocator   :89   [32m                  [0;39m Loaded RoutePredicateFactory [ReadBody]
2024-05-14 13:43:32.856 INFO  o.s.c.gateway.route.RouteDefinitionRouteLocator   :89   [32m                  [0;39m Loaded RoutePredicateFactory [RemoteAddr]
2024-05-14 13:43:32.856 INFO  o.s.c.gateway.route.RouteDefinitionRouteLocator   :89   [32m                  [0;39m Loaded RoutePredicateFactory [XForwardedRemoteAddr]
2024-05-14 13:43:32.856 INFO  o.s.c.gateway.route.RouteDefinitionRouteLocator   :89   [32m                  [0;39m Loaded RoutePredicateFactory [Weight]
2024-05-14 13:43:32.856 INFO  o.s.c.gateway.route.RouteDefinitionRouteLocator   :89   [32m                  [0;39m Loaded RoutePredicateFactory [CloudFoundryRouteService]
2024-05-14 13:43:32.959 INFO  o.s.boot.web.embedded.netty.NettyWebServer        :111  [32m                  [0;39m Netty started on port 8000
2024-05-14 13:43:32.971 INFO  com.nero.train.gateway.config.GatewayApplication  :57   [32m                  [0;39m Started GatewayApplication in 0.655 seconds (process running for 0.83)
2024-05-14 13:43:32.972 INFO  com.nero.train.gateway.config.GatewayApplication  :19   [32m                  [0;39m 启动成功！！
2024-05-14 13:43:32.972 INFO  com.nero.train.gateway.config.GatewayApplication  :20   [32m                  [0;39m 网关地址: 	http://127.0.0.1:8000
2024-05-14 13:47:36.912 INFO  org.hibernate.validator.internal.util.Version     :21   [32m                  [0;39m HV000001: Hibernate Validator 8.0.0.Final
2024-05-14 13:47:36.928 INFO  com.nero.train.gateway.config.GatewayApplication  :51   [32m                  [0;39m Starting GatewayApplication using Java 17.0.11 with PID 88852 (/Users/nero/Documents/source_code/train/gateway/target/classes started by nero in /Users/nero/Documents/source_code/train)
2024-05-14 13:47:36.929 INFO  com.nero.train.gateway.config.GatewayApplication  :630  [32m                  [0;39m No active profile set, falling back to 1 default profile: "default"
2024-05-14 13:47:37.128 INFO  o.springframework.cloud.context.scope.GenericScope:282  [32m                  [0;39m BeanFactory id=0e2b2cef-721a-31d7-85a3-0b1585f28a0e
2024-05-14 13:47:37.326 INFO  o.s.c.gateway.route.RouteDefinitionRouteLocator   :89   [32m                  [0;39m Loaded RoutePredicateFactory [After]
2024-05-14 13:47:37.326 INFO  o.s.c.gateway.route.RouteDefinitionRouteLocator   :89   [32m                  [0;39m Loaded RoutePredicateFactory [Before]
2024-05-14 13:47:37.326 INFO  o.s.c.gateway.route.RouteDefinitionRouteLocator   :89   [32m                  [0;39m Loaded RoutePredicateFactory [Between]
2024-05-14 13:47:37.326 INFO  o.s.c.gateway.route.RouteDefinitionRouteLocator   :89   [32m                  [0;39m Loaded RoutePredicateFactory [Cookie]
2024-05-14 13:47:37.326 INFO  o.s.c.gateway.route.RouteDefinitionRouteLocator   :89   [32m                  [0;39m Loaded RoutePredicateFactory [Header]
2024-05-14 13:47:37.326 INFO  o.s.c.gateway.route.RouteDefinitionRouteLocator   :89   [32m                  [0;39m Loaded RoutePredicateFactory [Host]
2024-05-14 13:47:37.326 INFO  o.s.c.gateway.route.RouteDefinitionRouteLocator   :89   [32m                  [0;39m Loaded RoutePredicateFactory [Method]
2024-05-14 13:47:37.326 INFO  o.s.c.gateway.route.RouteDefinitionRouteLocator   :89   [32m                  [0;39m Loaded RoutePredicateFactory [Path]
2024-05-14 13:47:37.326 INFO  o.s.c.gateway.route.RouteDefinitionRouteLocator   :89   [32m                  [0;39m Loaded RoutePredicateFactory [Query]
2024-05-14 13:47:37.326 INFO  o.s.c.gateway.route.RouteDefinitionRouteLocator   :89   [32m                  [0;39m Loaded RoutePredicateFactory [ReadBody]
2024-05-14 13:47:37.326 INFO  o.s.c.gateway.route.RouteDefinitionRouteLocator   :89   [32m                  [0;39m Loaded RoutePredicateFactory [RemoteAddr]
2024-05-14 13:47:37.326 INFO  o.s.c.gateway.route.RouteDefinitionRouteLocator   :89   [32m                  [0;39m Loaded RoutePredicateFactory [XForwardedRemoteAddr]
2024-05-14 13:47:37.326 INFO  o.s.c.gateway.route.RouteDefinitionRouteLocator   :89   [32m                  [0;39m Loaded RoutePredicateFactory [Weight]
2024-05-14 13:47:37.326 INFO  o.s.c.gateway.route.RouteDefinitionRouteLocator   :89   [32m                  [0;39m Loaded RoutePredicateFactory [CloudFoundryRouteService]
2024-05-14 13:47:37.433 INFO  o.s.boot.web.embedded.netty.NettyWebServer        :111  [32m                  [0;39m Netty started on port 8000
2024-05-14 13:47:37.444 INFO  com.nero.train.gateway.config.GatewayApplication  :57   [32m                  [0;39m Started GatewayApplication in 0.689 seconds (process running for 0.899)
2024-05-14 13:47:37.445 INFO  com.nero.train.gateway.config.GatewayApplication  :19   [32m                  [0;39m 启动成功！！
2024-05-14 13:47:37.445 INFO  com.nero.train.gateway.config.GatewayApplication  :20   [32m                  [0;39m 网关地址: 	http://127.0.0.1:8000
2024-05-14 13:53:41.583 INFO  org.hibernate.validator.internal.util.Version     :21   [32m                  [0;39m HV000001: Hibernate Validator 8.0.0.Final
2024-05-14 13:53:41.601 INFO  com.nero.train.gateway.config.GatewayApplication  :51   [32m                  [0;39m Starting GatewayApplication using Java 17.0.11 with PID 90759 (/Users/nero/Documents/source_code/train/gateway/target/classes started by nero in /Users/nero/Documents/source_code/train)
2024-05-14 13:53:41.602 INFO  com.nero.train.gateway.config.GatewayApplication  :630  [32m                  [0;39m No active profile set, falling back to 1 default profile: "default"
2024-05-14 13:53:41.807 INFO  o.springframework.cloud.context.scope.GenericScope:282  [32m                  [0;39m BeanFactory id=0e2b2cef-721a-31d7-85a3-0b1585f28a0e
2024-05-14 13:53:42.008 INFO  o.s.c.gateway.route.RouteDefinitionRouteLocator   :89   [32m                  [0;39m Loaded RoutePredicateFactory [After]
2024-05-14 13:53:42.008 INFO  o.s.c.gateway.route.RouteDefinitionRouteLocator   :89   [32m                  [0;39m Loaded RoutePredicateFactory [Before]
2024-05-14 13:53:42.008 INFO  o.s.c.gateway.route.RouteDefinitionRouteLocator   :89   [32m                  [0;39m Loaded RoutePredicateFactory [Between]
2024-05-14 13:53:42.008 INFO  o.s.c.gateway.route.RouteDefinitionRouteLocator   :89   [32m                  [0;39m Loaded RoutePredicateFactory [Cookie]
2024-05-14 13:53:42.008 INFO  o.s.c.gateway.route.RouteDefinitionRouteLocator   :89   [32m                  [0;39m Loaded RoutePredicateFactory [Header]
2024-05-14 13:53:42.008 INFO  o.s.c.gateway.route.RouteDefinitionRouteLocator   :89   [32m                  [0;39m Loaded RoutePredicateFactory [Host]
2024-05-14 13:53:42.008 INFO  o.s.c.gateway.route.RouteDefinitionRouteLocator   :89   [32m                  [0;39m Loaded RoutePredicateFactory [Method]
2024-05-14 13:53:42.008 INFO  o.s.c.gateway.route.RouteDefinitionRouteLocator   :89   [32m                  [0;39m Loaded RoutePredicateFactory [Path]
2024-05-14 13:53:42.008 INFO  o.s.c.gateway.route.RouteDefinitionRouteLocator   :89   [32m                  [0;39m Loaded RoutePredicateFactory [Query]
2024-05-14 13:53:42.008 INFO  o.s.c.gateway.route.RouteDefinitionRouteLocator   :89   [32m                  [0;39m Loaded RoutePredicateFactory [ReadBody]
2024-05-14 13:53:42.008 INFO  o.s.c.gateway.route.RouteDefinitionRouteLocator   :89   [32m                  [0;39m Loaded RoutePredicateFactory [RemoteAddr]
2024-05-14 13:53:42.008 INFO  o.s.c.gateway.route.RouteDefinitionRouteLocator   :89   [32m                  [0;39m Loaded RoutePredicateFactory [XForwardedRemoteAddr]
2024-05-14 13:53:42.008 INFO  o.s.c.gateway.route.RouteDefinitionRouteLocator   :89   [32m                  [0;39m Loaded RoutePredicateFactory [Weight]
2024-05-14 13:53:42.008 INFO  o.s.c.gateway.route.RouteDefinitionRouteLocator   :89   [32m                  [0;39m Loaded RoutePredicateFactory [CloudFoundryRouteService]
2024-05-14 13:53:42.132 INFO  o.s.boot.web.embedded.netty.NettyWebServer        :111  [32m                  [0;39m Netty started on port 8000
2024-05-14 13:53:42.153 INFO  com.nero.train.gateway.config.GatewayApplication  :57   [32m                  [0;39m Started GatewayApplication in 0.736 seconds (process running for 0.922)
2024-05-14 13:53:42.154 INFO  com.nero.train.gateway.config.GatewayApplication  :19   [32m                  [0;39m 启动成功！！
2024-05-14 13:53:42.155 INFO  com.nero.train.gateway.config.GatewayApplication  :20   [32m                  [0;39m 网关地址: 	http://127.0.0.1:8000
2024-05-14 14:07:19.980 INFO  org.hibernate.validator.internal.util.Version     :21   [32m                  [0;39m HV000001: Hibernate Validator 8.0.0.Final
2024-05-14 14:07:19.995 INFO  com.nero.train.gateway.config.GatewayApplication  :51   [32m                  [0;39m Starting GatewayApplication using Java 17.0.11 with PID 91203 (/Users/nero/Documents/source_code/train/gateway/target/classes started by nero in /Users/nero/Documents/source_code/train)
2024-05-14 14:07:19.996 INFO  com.nero.train.gateway.config.GatewayApplication  :630  [32m                  [0;39m No active profile set, falling back to 1 default profile: "default"
2024-05-14 14:07:20.185 INFO  o.springframework.cloud.context.scope.GenericScope:282  [32m                  [0;39m BeanFactory id=0e2b2cef-721a-31d7-85a3-0b1585f28a0e
2024-05-14 14:07:20.391 INFO  o.s.c.gateway.route.RouteDefinitionRouteLocator   :89   [32m                  [0;39m Loaded RoutePredicateFactory [After]
2024-05-14 14:07:20.392 INFO  o.s.c.gateway.route.RouteDefinitionRouteLocator   :89   [32m                  [0;39m Loaded RoutePredicateFactory [Before]
2024-05-14 14:07:20.392 INFO  o.s.c.gateway.route.RouteDefinitionRouteLocator   :89   [32m                  [0;39m Loaded RoutePredicateFactory [Between]
2024-05-14 14:07:20.392 INFO  o.s.c.gateway.route.RouteDefinitionRouteLocator   :89   [32m                  [0;39m Loaded RoutePredicateFactory [Cookie]
2024-05-14 14:07:20.392 INFO  o.s.c.gateway.route.RouteDefinitionRouteLocator   :89   [32m                  [0;39m Loaded RoutePredicateFactory [Header]
2024-05-14 14:07:20.392 INFO  o.s.c.gateway.route.RouteDefinitionRouteLocator   :89   [32m                  [0;39m Loaded RoutePredicateFactory [Host]
2024-05-14 14:07:20.392 INFO  o.s.c.gateway.route.RouteDefinitionRouteLocator   :89   [32m                  [0;39m Loaded RoutePredicateFactory [Method]
2024-05-14 14:07:20.392 INFO  o.s.c.gateway.route.RouteDefinitionRouteLocator   :89   [32m                  [0;39m Loaded RoutePredicateFactory [Path]
2024-05-14 14:07:20.392 INFO  o.s.c.gateway.route.RouteDefinitionRouteLocator   :89   [32m                  [0;39m Loaded RoutePredicateFactory [Query]
2024-05-14 14:07:20.392 INFO  o.s.c.gateway.route.RouteDefinitionRouteLocator   :89   [32m                  [0;39m Loaded RoutePredicateFactory [ReadBody]
2024-05-14 14:07:20.392 INFO  o.s.c.gateway.route.RouteDefinitionRouteLocator   :89   [32m                  [0;39m Loaded RoutePredicateFactory [RemoteAddr]
2024-05-14 14:07:20.392 INFO  o.s.c.gateway.route.RouteDefinitionRouteLocator   :89   [32m                  [0;39m Loaded RoutePredicateFactory [XForwardedRemoteAddr]
2024-05-14 14:07:20.392 INFO  o.s.c.gateway.route.RouteDefinitionRouteLocator   :89   [32m                  [0;39m Loaded RoutePredicateFactory [Weight]
2024-05-14 14:07:20.392 INFO  o.s.c.gateway.route.RouteDefinitionRouteLocator   :89   [32m                  [0;39m Loaded RoutePredicateFactory [CloudFoundryRouteService]
2024-05-14 14:07:20.485 INFO  o.s.boot.web.embedded.netty.NettyWebServer        :111  [32m                  [0;39m Netty started on port 8000
2024-05-14 14:07:20.501 INFO  com.nero.train.gateway.config.GatewayApplication  :57   [32m                  [0;39m Started GatewayApplication in 0.679 seconds (process running for 0.849)
2024-05-14 14:07:20.502 INFO  com.nero.train.gateway.config.GatewayApplication  :20   [32m                  [0;39m 启动成功！！
2024-05-14 14:07:20.502 INFO  com.nero.train.gateway.config.GatewayApplication  :21   [32m                  [0;39m 网关地址: 	http://127.0.0.1:8000
2024-05-14 14:07:39.807 ERROR i.n.resolver.dns.DnsServerAddressStreamProviders  :79   [32m                  [0;39m Unable to load io.netty.resolver.dns.macos.MacOSDnsServerAddressStreamProvider, fallback to system defaults. This may result in incorrect DNS resolutions on MacOS. Check whether you have a dependency on 'io.netty:netty-resolver-dns-native-macos'. Use DEBUG level to see the full stack: java.lang.UnsatisfiedLinkError: failed to load the required native library
2024-05-14 14:08:33.500 INFO  org.hibernate.validator.internal.util.Version     :21   [32m                  [0;39m HV000001: Hibernate Validator 8.0.0.Final
2024-05-14 14:08:33.517 INFO  com.nero.train.gateway.config.GatewayApplication  :51   [32m                  [0;39m Starting GatewayApplication using Java 17.0.11 with PID 91250 (/Users/nero/Documents/source_code/train/gateway/target/classes started by nero in /Users/nero/Documents/source_code/train)
2024-05-14 14:08:33.518 INFO  com.nero.train.gateway.config.GatewayApplication  :630  [32m                  [0;39m No active profile set, falling back to 1 default profile: "default"
2024-05-14 14:08:33.709 INFO  o.springframework.cloud.context.scope.GenericScope:282  [32m                  [0;39m BeanFactory id=0e2b2cef-721a-31d7-85a3-0b1585f28a0e
2024-05-14 14:08:33.905 INFO  o.s.c.gateway.route.RouteDefinitionRouteLocator   :89   [32m                  [0;39m Loaded RoutePredicateFactory [After]
2024-05-14 14:08:33.905 INFO  o.s.c.gateway.route.RouteDefinitionRouteLocator   :89   [32m                  [0;39m Loaded RoutePredicateFactory [Before]
2024-05-14 14:08:33.905 INFO  o.s.c.gateway.route.RouteDefinitionRouteLocator   :89   [32m                  [0;39m Loaded RoutePredicateFactory [Between]
2024-05-14 14:08:33.905 INFO  o.s.c.gateway.route.RouteDefinitionRouteLocator   :89   [32m                  [0;39m Loaded RoutePredicateFactory [Cookie]
2024-05-14 14:08:33.905 INFO  o.s.c.gateway.route.RouteDefinitionRouteLocator   :89   [32m                  [0;39m Loaded RoutePredicateFactory [Header]
2024-05-14 14:08:33.905 INFO  o.s.c.gateway.route.RouteDefinitionRouteLocator   :89   [32m                  [0;39m Loaded RoutePredicateFactory [Host]
2024-05-14 14:08:33.905 INFO  o.s.c.gateway.route.RouteDefinitionRouteLocator   :89   [32m                  [0;39m Loaded RoutePredicateFactory [Method]
2024-05-14 14:08:33.905 INFO  o.s.c.gateway.route.RouteDefinitionRouteLocator   :89   [32m                  [0;39m Loaded RoutePredicateFactory [Path]
2024-05-14 14:08:33.905 INFO  o.s.c.gateway.route.RouteDefinitionRouteLocator   :89   [32m                  [0;39m Loaded RoutePredicateFactory [Query]
2024-05-14 14:08:33.905 INFO  o.s.c.gateway.route.RouteDefinitionRouteLocator   :89   [32m                  [0;39m Loaded RoutePredicateFactory [ReadBody]
2024-05-14 14:08:33.905 INFO  o.s.c.gateway.route.RouteDefinitionRouteLocator   :89   [32m                  [0;39m Loaded RoutePredicateFactory [RemoteAddr]
2024-05-14 14:08:33.905 INFO  o.s.c.gateway.route.RouteDefinitionRouteLocator   :89   [32m                  [0;39m Loaded RoutePredicateFactory [XForwardedRemoteAddr]
2024-05-14 14:08:33.905 INFO  o.s.c.gateway.route.RouteDefinitionRouteLocator   :89   [32m                  [0;39m Loaded RoutePredicateFactory [Weight]
2024-05-14 14:08:33.905 INFO  o.s.c.gateway.route.RouteDefinitionRouteLocator   :89   [32m                  [0;39m Loaded RoutePredicateFactory [CloudFoundryRouteService]
2024-05-14 14:08:34.016 INFO  o.s.boot.web.embedded.netty.NettyWebServer        :111  [32m                  [0;39m Netty started on port 8000
2024-05-14 14:08:34.034 INFO  com.nero.train.gateway.config.GatewayApplication  :57   [32m                  [0;39m Started GatewayApplication in 0.688 seconds (process running for 0.889)
2024-05-14 14:08:34.035 INFO  com.nero.train.gateway.config.GatewayApplication  :20   [32m                  [0;39m 启动成功！！
2024-05-14 14:08:34.035 INFO  com.nero.train.gateway.config.GatewayApplication  :21   [32m                  [0;39m 网关地址: 	http://127.0.0.1:8000
2024-05-14 14:08:36.607 ERROR i.n.resolver.dns.DnsServerAddressStreamProviders  :79   [32m                  [0;39m Unable to load io.netty.resolver.dns.macos.MacOSDnsServerAddressStreamProvider, fallback to system defaults. This may result in incorrect DNS resolutions on MacOS. Check whether you have a dependency on 'io.netty:netty-resolver-dns-native-macos'. Use DEBUG level to see the full stack: java.lang.UnsatisfiedLinkError: failed to load the required native library
2024-05-14 14:18:20.010 INFO  org.hibernate.validator.internal.util.Version     :21   [32m                  [0;39m HV000001: Hibernate Validator 8.0.0.Final
2024-05-14 14:18:20.028 INFO  com.nero.train.gateway.config.GatewayApplication  :51   [32m                  [0;39m Starting GatewayApplication using Java 17.0.11 with PID 91463 (/Users/nero/Documents/source_code/train/gateway/target/classes started by nero in /Users/nero/Documents/source_code/train)
2024-05-14 14:18:20.029 INFO  com.nero.train.gateway.config.GatewayApplication  :630  [32m                  [0;39m No active profile set, falling back to 1 default profile: "default"
2024-05-14 14:18:20.214 INFO  o.springframework.cloud.context.scope.GenericScope:282  [32m                  [0;39m BeanFactory id=0e2b2cef-721a-31d7-85a3-0b1585f28a0e
2024-05-14 14:18:20.413 INFO  o.s.c.gateway.route.RouteDefinitionRouteLocator   :89   [32m                  [0;39m Loaded RoutePredicateFactory [After]
2024-05-14 14:18:20.413 INFO  o.s.c.gateway.route.RouteDefinitionRouteLocator   :89   [32m                  [0;39m Loaded RoutePredicateFactory [Before]
2024-05-14 14:18:20.413 INFO  o.s.c.gateway.route.RouteDefinitionRouteLocator   :89   [32m                  [0;39m Loaded RoutePredicateFactory [Between]
2024-05-14 14:18:20.413 INFO  o.s.c.gateway.route.RouteDefinitionRouteLocator   :89   [32m                  [0;39m Loaded RoutePredicateFactory [Cookie]
2024-05-14 14:18:20.413 INFO  o.s.c.gateway.route.RouteDefinitionRouteLocator   :89   [32m                  [0;39m Loaded RoutePredicateFactory [Header]
2024-05-14 14:18:20.413 INFO  o.s.c.gateway.route.RouteDefinitionRouteLocator   :89   [32m                  [0;39m Loaded RoutePredicateFactory [Host]
2024-05-14 14:18:20.413 INFO  o.s.c.gateway.route.RouteDefinitionRouteLocator   :89   [32m                  [0;39m Loaded RoutePredicateFactory [Method]
2024-05-14 14:18:20.413 INFO  o.s.c.gateway.route.RouteDefinitionRouteLocator   :89   [32m                  [0;39m Loaded RoutePredicateFactory [Path]
2024-05-14 14:18:20.413 INFO  o.s.c.gateway.route.RouteDefinitionRouteLocator   :89   [32m                  [0;39m Loaded RoutePredicateFactory [Query]
2024-05-14 14:18:20.413 INFO  o.s.c.gateway.route.RouteDefinitionRouteLocator   :89   [32m                  [0;39m Loaded RoutePredicateFactory [ReadBody]
2024-05-14 14:18:20.413 INFO  o.s.c.gateway.route.RouteDefinitionRouteLocator   :89   [32m                  [0;39m Loaded RoutePredicateFactory [RemoteAddr]
2024-05-14 14:18:20.413 INFO  o.s.c.gateway.route.RouteDefinitionRouteLocator   :89   [32m                  [0;39m Loaded RoutePredicateFactory [XForwardedRemoteAddr]
2024-05-14 14:18:20.413 INFO  o.s.c.gateway.route.RouteDefinitionRouteLocator   :89   [32m                  [0;39m Loaded RoutePredicateFactory [Weight]
2024-05-14 14:18:20.413 INFO  o.s.c.gateway.route.RouteDefinitionRouteLocator   :89   [32m                  [0;39m Loaded RoutePredicateFactory [CloudFoundryRouteService]
2024-05-14 14:18:20.518 INFO  o.s.boot.web.embedded.netty.NettyWebServer        :111  [32m                  [0;39m Netty started on port 8000
2024-05-14 14:18:20.536 INFO  com.nero.train.gateway.config.GatewayApplication  :57   [32m                  [0;39m Started GatewayApplication in 0.685 seconds (process running for 0.89)
2024-05-14 14:18:20.537 INFO  com.nero.train.gateway.config.GatewayApplication  :20   [32m                  [0;39m 启动成功！！
2024-05-14 14:18:20.537 INFO  com.nero.train.gateway.config.GatewayApplication  :21   [32m                  [0;39m 网关地址: 	http://127.0.0.1:8000
2024-05-14 14:18:25.345 ERROR i.n.resolver.dns.DnsServerAddressStreamProviders  :79   [32m                  [0;39m Unable to load io.netty.resolver.dns.macos.MacOSDnsServerAddressStreamProvider, fallback to system defaults. This may result in incorrect DNS resolutions on MacOS. Check whether you have a dependency on 'io.netty:netty-resolver-dns-native-macos'. Use DEBUG level to see the full stack: java.lang.UnsatisfiedLinkError: failed to load the required native library
2024-05-14 14:18:25.377 INFO  reactor.netty.http.server.AccessLog               :279  [32m                  [0;39m 127.0.0.1 - - [14/5月/2024:14:18:25 +0800] "GET /member/hello HTTP/1.1" 200 12 72
